<?xml version="1.0" encoding="UTF-8"?>
<coverage generated="1576916643962" clover="3.2.0">
  <project timestamp="1576916643963" name="All files">
    <metrics statements="342" coveredstatements="291" conditionals="375" coveredconditionals="294" methods="30" coveredmethods="27" elements="747" coveredelements="612" complexity="0" loc="342" ncloc="342" packages="1" files="2" classes="2"/>
    <file name="optionsMathLibrary.js" path="C:\Users\jawpa\Desktop\res\doc\code\OutsmartOptions\src\jsLib\optionsMathLibrary.js">
      <metrics statements="323" coveredstatements="274" conditionals="356" coveredconditionals="279" methods="25" coveredmethods="22"/>
      <line num="2" count="65" type="cond" truecount="2" falsecount="0"/>
      <line num="3" count="3" type="stmt"/>
      <line num="5" count="62" type="cond" truecount="2" falsecount="0"/>
      <line num="6" count="3" type="stmt"/>
      <line num="9" count="59" type="stmt"/>
      <line num="10" count="59" type="stmt"/>
      <line num="11" count="59" type="stmt"/>
      <line num="12" count="59" type="stmt"/>
      <line num="13" count="59" type="stmt"/>
      <line num="14" count="59" type="stmt"/>
      <line num="17" count="59" type="stmt"/>
      <line num="18" count="59" type="cond" truecount="2" falsecount="0"/>
      <line num="19" count="59" type="stmt"/>
      <line num="22" count="59" type="stmt"/>
      <line num="23" count="59" type="stmt"/>
      <line num="25" count="59" type="stmt"/>
      <line num="29" count="3" type="stmt"/>
      <line num="30" count="3" type="stmt"/>
      <line num="31" count="3" type="stmt"/>
      <line num="32" count="3" type="stmt"/>
      <line num="33" count="3" type="stmt"/>
      <line num="34" count="3" type="stmt"/>
      <line num="35" count="3" type="stmt"/>
      <line num="36" count="3" type="stmt"/>
      <line num="37" count="3" type="stmt"/>
      <line num="38" count="3" type="stmt"/>
      <line num="39" count="3" type="stmt"/>
      <line num="40" count="3" type="stmt"/>
      <line num="41" count="3" type="stmt"/>
      <line num="42" count="3" type="stmt"/>
      <line num="43" count="3" type="stmt"/>
      <line num="44" count="3" type="stmt"/>
      <line num="49" count="3" type="cond" truecount="3" falsecount="1"/>
      <line num="50" count="0" type="stmt"/>
      <line num="51" count="3" type="cond" truecount="1" falsecount="1"/>
      <line num="52" count="0" type="stmt"/>
      <line num="53" count="0" type="stmt"/>
      <line num="54" count="3" type="cond" truecount="1" falsecount="1"/>
      <line num="55" count="3" type="stmt"/>
      <line num="56" count="3" type="stmt"/>
      <line num="57" count="3" type="stmt"/>
      <line num="59" count="0" type="stmt"/>
      <line num="60" count="0" type="stmt"/>
      <line num="63" count="3" type="stmt"/>
      <line num="67" count="60" type="stmt"/>
      <line num="71" count="23" type="stmt"/>
      <line num="75" count="84" type="stmt"/>
      <line num="79" count="36" type="stmt"/>
      <line num="83" count="0" type="stmt"/>
      <line num="84" count="0" type="stmt"/>
      <line num="85" count="0" type="stmt"/>
      <line num="86" count="0" type="stmt"/>
      <line num="87" count="0" type="stmt"/>
      <line num="89" count="0" type="stmt"/>
      <line num="94" count="16" type="cond" truecount="1" falsecount="1"/>
      <line num="95" count="16" type="cond" truecount="2" falsecount="0"/>
      <line num="97" count="0" type="cond" truecount="0" falsecount="2"/>
      <line num="98" count="0" type="cond" truecount="0" falsecount="2"/>
      <line num="103" count="14" type="cond" truecount="1" falsecount="1"/>
      <line num="107" count="14" type="cond" truecount="1" falsecount="1"/>
      <line num="108" count="14" type="cond" truecount="1" falsecount="1"/>
      <line num="113" count="0" type="cond" truecount="0" falsecount="2"/>
      <line num="114" count="0" type="cond" truecount="0" falsecount="2"/>
      <line num="122" count="14" type="cond" truecount="1" falsecount="1"/>
      <line num="126" count="14" type="cond" truecount="1" falsecount="1"/>
      <line num="127" count="14" type="cond" truecount="1" falsecount="1"/>
      <line num="129" count="0" type="cond" truecount="0" falsecount="2"/>
      <line num="130" count="0" type="cond" truecount="0" falsecount="2"/>
      <line num="135" count="0" type="stmt"/>
      <line num="136" count="0" type="stmt"/>
      <line num="137" count="0" type="stmt"/>
      <line num="138" count="0" type="stmt"/>
      <line num="139" count="0" type="stmt"/>
      <line num="140" count="0" type="stmt"/>
      <line num="141" count="0" type="stmt"/>
      <line num="146" count="3" type="stmt"/>
      <line num="149" count="3" type="stmt"/>
      <line num="150" count="3" type="stmt"/>
      <line num="151" count="3" type="cond" truecount="2" falsecount="0"/>
      <line num="152" count="5" type="cond" truecount="2" falsecount="0"/>
      <line num="153" count="1" type="cond" truecount="1" falsecount="1"/>
      <line num="154" count="1" type="stmt"/>
      <line num="156" count="1" type="cond" truecount="1" falsecount="1"/>
      <line num="157" count="0" type="stmt"/>
      <line num="160" count="4" type="stmt"/>
      <line num="161" count="4" type="stmt"/>
      <line num="163" count="5" type="stmt"/>
      <line num="164" count="5" type="stmt"/>
      <line num="165" count="5" type="cond" truecount="1" falsecount="1"/>
      <line num="166" count="0" type="stmt"/>
      <line num="167" count="0" type="cond" truecount="0" falsecount="8"/>
      <line num="168" count="0" type="cond" truecount="0" falsecount="2"/>
      <line num="169" count="0" type="stmt"/>
      <line num="170" count="0" type="cond" truecount="0" falsecount="2"/>
      <line num="171" count="0" type="stmt"/>
      <line num="173" count="0" type="stmt"/>
      <line num="175" count="0" type="stmt"/>
      <line num="178" count="3" type="cond" truecount="1" falsecount="1"/>
      <line num="179" count="0" type="stmt"/>
      <line num="181" count="3" type="stmt"/>
      <line num="186" count="8" type="cond" truecount="2" falsecount="0"/>
      <line num="187" count="4" type="stmt"/>
      <line num="188" count="4" type="cond" truecount="1" falsecount="1"/>
      <line num="189" count="4" type="stmt"/>
      <line num="191" count="8" type="cond" truecount="1" falsecount="1"/>
      <line num="192" count="0" type="stmt"/>
      <line num="194" count="8" type="stmt"/>
      <line num="198" count="0" type="cond" truecount="0" falsecount="2"/>
      <line num="199" count="0" type="cond" truecount="0" falsecount="2"/>
      <line num="200" count="0" type="stmt"/>
      <line num="202" count="0" type="cond" truecount="0" falsecount="2"/>
      <line num="203" count="0" type="stmt"/>
      <line num="205" count="0" type="cond" truecount="0" falsecount="2"/>
      <line num="206" count="0" type="cond" truecount="0" falsecount="2"/>
      <line num="207" count="0" type="stmt"/>
      <line num="209" count="0" type="cond" truecount="0" falsecount="2"/>
      <line num="210" count="0" type="stmt"/>
      <line num="216" count="5" type="stmt"/>
      <line num="217" count="5" type="stmt"/>
      <line num="220" count="5" type="cond" truecount="2" falsecount="0"/>
      <line num="221" count="4" type="cond" truecount="4" falsecount="0"/>
      <line num="222" count="2" type="stmt"/>
      <line num="224" count="2" type="cond" truecount="2" falsecount="0"/>
      <line num="225" count="1" type="stmt"/>
      <line num="227" count="1" type="cond" truecount="1" falsecount="1"/>
      <line num="228" count="1" type="cond" truecount="1" falsecount="1"/>
      <line num="229" count="1" type="stmt"/>
      <line num="235" count="1" type="stmt"/>
      <line num="239" count="38" type="stmt"/>
      <line num="240" count="38" type="stmt"/>
      <line num="242" count="38" type="stmt"/>
      <line num="243" count="106" type="cond" truecount="2" falsecount="0"/>
      <line num="244" count="108" type="stmt"/>
      <line num="249" count="38" type="stmt"/>
      <line num="250" count="38" type="stmt"/>
      <line num="251" count="38" type="stmt"/>
      <line num="252" count="38" type="stmt"/>
      <line num="253" count="119" type="cond" truecount="2" falsecount="0"/>
      <line num="254" count="38" type="stmt"/>
      <line num="255" count="38" type="stmt"/>
      <line num="256" count="81" type="cond" truecount="7" falsecount="0"/>
      <line num="257" count="31" type="stmt"/>
      <line num="268" count="31" type="stmt"/>
      <line num="269" count="31" type="stmt"/>
      <line num="270" count="31" type="stmt"/>
      <line num="271" count="31" type="stmt"/>
      <line num="272" count="31" type="stmt"/>
      <line num="274" count="50" type="cond" truecount="2" falsecount="0"/>
      <line num="275" count="26" type="stmt"/>
      <line num="276" count="26" type="stmt"/>
      <line num="278" count="50" type="stmt"/>
      <line num="283" count="38" type="stmt"/>
      <line num="284" count="38" type="stmt"/>
      <line num="285" count="38" type="stmt"/>
      <line num="286" count="88" type="cond" truecount="2" falsecount="0"/>
      <line num="287" count="38" type="stmt"/>
      <line num="288" count="38" type="stmt"/>
      <line num="289" count="50" type="cond" truecount="8" falsecount="0"/>
      <line num="290" count="6" type="cond" truecount="4" falsecount="0"/>
      <line num="292" count="2" type="stmt"/>
      <line num="304" count="2" type="stmt"/>
      <line num="305" count="2" type="stmt"/>
      <line num="306" count="2" type="stmt"/>
      <line num="307" count="2" type="stmt"/>
      <line num="308" count="2" type="stmt"/>
      <line num="309" count="4" type="cond" truecount="4" falsecount="0"/>
      <line num="311" count="1" type="stmt"/>
      <line num="321" count="1" type="stmt"/>
      <line num="322" count="1" type="stmt"/>
      <line num="323" count="1" type="stmt"/>
      <line num="324" count="1" type="stmt"/>
      <line num="325" count="1" type="stmt"/>
      <line num="326" count="3" type="cond" truecount="3" falsecount="1"/>
      <line num="328" count="3" type="stmt"/>
      <line num="340" count="3" type="stmt"/>
      <line num="341" count="3" type="stmt"/>
      <line num="342" count="3" type="stmt"/>
      <line num="343" count="3" type="stmt"/>
      <line num="344" count="3" type="stmt"/>
      <line num="346" count="44" type="cond" truecount="7" falsecount="0"/>
      <line num="347" count="5" type="cond" truecount="4" falsecount="0"/>
      <line num="349" count="3" type="stmt"/>
      <line num="362" count="3" type="stmt"/>
      <line num="363" count="3" type="stmt"/>
      <line num="364" count="3" type="stmt"/>
      <line num="365" count="3" type="stmt"/>
      <line num="366" count="3" type="stmt"/>
      <line num="367" count="2" type="cond" truecount="3" falsecount="1"/>
      <line num="369" count="2" type="stmt"/>
      <line num="382" count="2" type="stmt"/>
      <line num="383" count="2" type="stmt"/>
      <line num="384" count="2" type="stmt"/>
      <line num="385" count="2" type="stmt"/>
      <line num="386" count="2" type="stmt"/>
      <line num="389" count="39" type="cond" truecount="2" falsecount="0"/>
      <line num="390" count="26" type="stmt"/>
      <line num="391" count="26" type="stmt"/>
      <line num="393" count="39" type="stmt"/>
      <line num="398" count="38" type="stmt"/>
      <line num="399" count="38" type="stmt"/>
      <line num="400" count="38" type="stmt"/>
      <line num="401" count="79" type="cond" truecount="2" falsecount="0"/>
      <line num="402" count="38" type="stmt"/>
      <line num="403" count="38" type="stmt"/>
      <line num="404" count="41" type="cond" truecount="7" falsecount="0"/>
      <line num="405" count="8" type="stmt"/>
      <line num="416" count="8" type="stmt"/>
      <line num="417" count="8" type="stmt"/>
      <line num="418" count="8" type="stmt"/>
      <line num="419" count="8" type="stmt"/>
      <line num="420" count="8" type="stmt"/>
      <line num="422" count="33" type="cond" truecount="2" falsecount="0"/>
      <line num="423" count="20" type="stmt"/>
      <line num="424" count="20" type="stmt"/>
      <line num="426" count="33" type="stmt"/>
      <line num="431" count="38" type="stmt"/>
      <line num="432" count="38" type="stmt"/>
      <line num="433" count="38" type="stmt"/>
      <line num="434" count="68" type="cond" truecount="2" falsecount="0"/>
      <line num="435" count="38" type="stmt"/>
      <line num="436" count="38" type="stmt"/>
      <line num="437" count="30" type="cond" truecount="8" falsecount="0"/>
      <line num="438" count="4" type="stmt"/>
      <line num="448" count="4" type="stmt"/>
      <line num="449" count="4" type="stmt"/>
      <line num="450" count="4" type="stmt"/>
      <line num="451" count="4" type="stmt"/>
      <line num="452" count="4" type="stmt"/>
      <line num="454" count="26" type="cond" truecount="2" falsecount="0"/>
      <line num="455" count="15" type="stmt"/>
      <line num="456" count="15" type="stmt"/>
      <line num="458" count="26" type="stmt"/>
      <line num="463" count="38" type="stmt"/>
      <line num="464" count="38" type="stmt"/>
      <line num="465" count="38" type="stmt"/>
      <line num="466" count="64" type="cond" truecount="2" falsecount="0"/>
      <line num="467" count="38" type="stmt"/>
      <line num="468" count="38" type="stmt"/>
      <line num="469" count="26" type="cond" truecount="7" falsecount="0"/>
      <line num="470" count="2" type="cond" truecount="2" falsecount="0"/>
      <line num="472" count="1" type="stmt"/>
      <line num="481" count="1" type="stmt"/>
      <line num="482" count="1" type="stmt"/>
      <line num="483" count="1" type="stmt"/>
      <line num="484" count="1" type="stmt"/>
      <line num="485" count="1" type="stmt"/>
      <line num="488" count="1" type="stmt"/>
      <line num="498" count="1" type="stmt"/>
      <line num="499" count="1" type="stmt"/>
      <line num="500" count="1" type="stmt"/>
      <line num="501" count="1" type="stmt"/>
      <line num="502" count="1" type="stmt"/>
      <line num="505" count="24" type="cond" truecount="2" falsecount="0"/>
      <line num="506" count="14" type="stmt"/>
      <line num="507" count="14" type="stmt"/>
      <line num="509" count="24" type="stmt"/>
      <line num="514" count="38" type="stmt"/>
      <line num="515" count="38" type="stmt"/>
      <line num="516" count="38" type="stmt"/>
      <line num="517" count="59" type="cond" truecount="2" falsecount="0"/>
      <line num="518" count="38" type="stmt"/>
      <line num="519" count="38" type="stmt"/>
      <line num="520" count="21" type="cond" truecount="6" falsecount="0"/>
      <line num="521" count="4" type="stmt"/>
      <line num="531" count="4" type="stmt"/>
      <line num="532" count="4" type="stmt"/>
      <line num="533" count="4" type="stmt"/>
      <line num="534" count="4" type="stmt"/>
      <line num="535" count="4" type="stmt"/>
      <line num="537" count="17" type="cond" truecount="2" falsecount="0"/>
      <line num="538" count="9" type="stmt"/>
      <line num="539" count="9" type="stmt"/>
      <line num="541" count="17" type="stmt"/>
      <line num="546" count="38" type="stmt"/>
      <line num="547" count="38" type="stmt"/>
      <line num="548" count="38" type="stmt"/>
      <line num="549" count="86" type="cond" truecount="2" falsecount="0"/>
      <line num="550" count="38" type="stmt"/>
      <line num="551" count="38" type="stmt"/>
      <line num="552" count="48" type="cond" truecount="2" falsecount="0"/>
      <line num="553" count="10" type="stmt"/>
      <line num="564" count="48" type="stmt"/>
      <line num="567" count="38" type="stmt"/>
      <line num="571" count="1" type="stmt"/>
      <line num="572" count="1" type="stmt"/>
      <line num="573" count="3" type="cond" truecount="2" falsecount="0"/>
      <line num="574" count="2" type="cond" truecount="4" falsecount="0"/>
      <line num="575" count="1" type="stmt"/>
      <line num="577" count="1" type="cond" truecount="3" falsecount="1"/>
      <line num="578" count="1" type="stmt"/>
      <line num="582" count="1" type="stmt"/>
      <line num="586" count="2" type="stmt"/>
      <line num="587" count="2" type="stmt"/>
      <line num="588" count="4" type="cond" truecount="4" falsecount="0"/>
      <line num="589" count="2" type="cond" truecount="2" falsecount="0"/>
      <line num="590" count="1" type="stmt"/>
      <line num="594" count="2" type="stmt"/>
      <line num="598" count="17" type="stmt"/>
      <line num="599" count="17" type="stmt"/>
      <line num="600" count="10" type="cond" truecount="2" falsecount="0"/>
      <line num="601" count="13" type="cond" truecount="2" falsecount="0"/>
      <line num="602" count="10" type="cond" truecount="2" falsecount="0"/>
      <line num="603" count="2" type="cond" truecount="4" falsecount="0"/>
      <line num="604" count="1" type="stmt"/>
      <line num="606" count="1" type="cond" truecount="1" falsecount="1"/>
      <line num="607" count="1" type="stmt"/>
      <line num="609" count="0" type="cond" truecount="0" falsecount="2"/>
      <line num="610" count="0" type="stmt"/>
      <line num="614" count="3" type="cond" truecount="4" falsecount="0"/>
      <line num="615" count="2" type="stmt"/>
      <line num="617" count="1" type="cond" truecount="1" falsecount="1"/>
      <line num="618" count="0" type="stmt"/>
      <line num="620" count="1" type="cond" truecount="1" falsecount="1"/>
      <line num="621" count="1" type="stmt"/>
      <line num="626" count="1" type="stmt"/>
      <line num="629" count="4" type="cond" truecount="1" falsecount="1"/>
      <line num="630" count="4" type="cond" truecount="4" falsecount="0"/>
      <line num="631" count="2" type="stmt"/>
      <line num="633" count="2" type="cond" truecount="2" falsecount="0"/>
      <line num="634" count="1" type="stmt"/>
      <line num="636" count="1" type="cond" truecount="1" falsecount="1"/>
      <line num="637" count="0" type="stmt"/>
      <line num="640" count="1" type="stmt"/>
    </file>
    <file name="treasuryLibrary.js" path="C:\Users\jawpa\Desktop\res\doc\code\OutsmartOptions\src\jsLib\treasuryLibrary.js">
      <metrics statements="19" coveredstatements="17" conditionals="19" coveredconditionals="15" methods="5" coveredmethods="5"/>
      <line num="6" count="53" type="cond" truecount="2" falsecount="0"/>
      <line num="7" count="21" type="stmt"/>
      <line num="9" count="32" type="cond" truecount="2" falsecount="0"/>
      <line num="10" count="31" type="stmt"/>
      <line num="13" count="1" type="stmt"/>
      <line num="17" count="5" type="stmt"/>
      <line num="18" count="5" type="cond" truecount="1" falsecount="1"/>
      <line num="19" count="5" type="stmt"/>
      <line num="21" count="5" type="stmt"/>
      <line num="25" count="50" type="cond" truecount="1" falsecount="1"/>
      <line num="29" count="4" type="cond" truecount="4" falsecount="1"/>
      <line num="30" count="0" type="stmt"/>
      <line num="33" count="4" type="stmt"/>
      <line num="36" count="4" type="cond" truecount="2" falsecount="0"/>
      <line num="37" count="2" type="stmt"/>
      <line num="39" count="2" type="stmt"/>
      <line num="40" count="2" type="cond" truecount="3" falsecount="1"/>
      <line num="41" count="2" type="stmt"/>
      <line num="44" count="0" type="stmt"/>
    </file>
  </project>
</coverage>
