{"C:\\Users\\jawpa\\Desktop\\res\\doc\\code\\OutsmartOptions\\src\\jsLib\\optionsMathLibrary.js": {"path":"C:\\Users\\jawpa\\Desktop\\res\\doc\\code\\OutsmartOptions\\src\\jsLib\\optionsMathLibrary.js","statementMap":{"0":{"start":{"line":2,"column":2},"end":{"line":4,"column":3}},"1":{"start":{"line":3,"column":4},"end":{"line":3,"column":13}},"2":{"start":{"line":5,"column":2},"end":{"line":7,"column":3}},"3":{"start":{"line":6,"column":4},"end":{"line":6,"column":13}},"4":{"start":{"line":9,"column":13},"end":{"line":9,"column":24}},"5":{"start":{"line":10,"column":13},"end":{"line":10,"column":25}},"6":{"start":{"line":11,"column":13},"end":{"line":11,"column":24}},"7":{"start":{"line":12,"column":13},"end":{"line":12,"column":25}},"8":{"start":{"line":13,"column":13},"end":{"line":13,"column":24}},"9":{"start":{"line":14,"column":12},"end":{"line":14,"column":21}},"10":{"start":{"line":17,"column":13},"end":{"line":17,"column":14}},"11":{"start":{"line":18,"column":2},"end":{"line":18,"column":27}},"12":{"start":{"line":18,"column":15},"end":{"line":18,"column":25}},"13":{"start":{"line":19,"column":2},"end":{"line":19,"column":35}},"14":{"start":{"line":22,"column":12},"end":{"line":22,"column":31}},"15":{"start":{"line":23,"column":12},"end":{"line":23,"column":89}},"16":{"start":{"line":25,"column":2},"end":{"line":25,"column":32}},"17":{"start":{"line":29,"column":13},"end":{"line":29,"column":30}},"18":{"start":{"line":29,"column":43},"end":{"line":29,"column":59}},"19":{"start":{"line":30,"column":9},"end":{"line":30,"column":26}},"20":{"start":{"line":31,"column":13},"end":{"line":31,"column":29}},"21":{"start":{"line":31,"column":42},"end":{"line":31,"column":59}},"22":{"start":{"line":32,"column":9},"end":{"line":32,"column":25}},"23":{"start":{"line":33,"column":13},"end":{"line":33,"column":30}},"24":{"start":{"line":33,"column":43},"end":{"line":33,"column":59}},"25":{"start":{"line":34,"column":9},"end":{"line":34,"column":26}},"26":{"start":{"line":35,"column":13},"end":{"line":35,"column":29}},"27":{"start":{"line":35,"column":42},"end":{"line":35,"column":59}},"28":{"start":{"line":36,"column":9},"end":{"line":36,"column":30}},"29":{"start":{"line":37,"column":13},"end":{"line":37,"column":31}},"30":{"start":{"line":37,"column":44},"end":{"line":37,"column":61}},"31":{"start":{"line":38,"column":9},"end":{"line":38,"column":26}},"32":{"start":{"line":39,"column":13},"end":{"line":39,"column":29}},"33":{"start":{"line":39,"column":42},"end":{"line":39,"column":58}},"34":{"start":{"line":40,"column":9},"end":{"line":40,"column":29}},"35":{"start":{"line":41,"column":13},"end":{"line":41,"column":29}},"36":{"start":{"line":41,"column":42},"end":{"line":41,"column":56}},"37":{"start":{"line":42,"column":9},"end":{"line":42,"column":25}},"38":{"start":{"line":43,"column":16},"end":{"line":43,"column":23}},"39":{"start":{"line":44,"column":13},"end":{"line":44,"column":22}},"40":{"start":{"line":49,"column":2},"end":{"line":61,"column":3}},"41":{"start":{"line":50,"column":4},"end":{"line":50,"column":17}},"42":{"start":{"line":51,"column":9},"end":{"line":61,"column":3}},"43":{"start":{"line":52,"column":4},"end":{"line":52,"column":36}},"44":{"start":{"line":53,"column":4},"end":{"line":53,"column":118}},"45":{"start":{"line":54,"column":9},"end":{"line":61,"column":3}},"46":{"start":{"line":55,"column":4},"end":{"line":55,"column":16}},"47":{"start":{"line":56,"column":4},"end":{"line":56,"column":14}},"48":{"start":{"line":57,"column":4},"end":{"line":57,"column":133}},"49":{"start":{"line":59,"column":4},"end":{"line":59,"column":40}},"50":{"start":{"line":60,"column":4},"end":{"line":60,"column":119}},"51":{"start":{"line":63,"column":2},"end":{"line":63,"column":15}},"52":{"start":{"line":67,"column":2},"end":{"line":67,"column":63}},"53":{"start":{"line":71,"column":2},"end":{"line":71,"column":15}},"54":{"start":{"line":75,"column":2},"end":{"line":75,"column":88}},"55":{"start":{"line":79,"column":2},"end":{"line":79,"column":113}},"56":{"start":{"line":83,"column":24},"end":{"line":83,"column":26}},"57":{"start":{"line":84,"column":14},"end":{"line":84,"column":101}},"58":{"start":{"line":85,"column":14},"end":{"line":85,"column":101}},"59":{"start":{"line":86,"column":2},"end":{"line":88,"column":3}},"60":{"start":{"line":86,"column":15},"end":{"line":86,"column":18}},"61":{"start":{"line":87,"column":4},"end":{"line":87,"column":41}},"62":{"start":{"line":89,"column":2},"end":{"line":89,"column":23}},"63":{"start":{"line":94,"column":2},"end":{"line":96,"column":3}},"64":{"start":{"line":95,"column":4},"end":{"line":95,"column":115}},"65":{"start":{"line":97,"column":2},"end":{"line":99,"column":3}},"66":{"start":{"line":98,"column":4},"end":{"line":98,"column":121}},"67":{"start":{"line":103,"column":2},"end":{"line":103,"column":152}},"68":{"start":{"line":107,"column":2},"end":{"line":112,"column":3}},"69":{"start":{"line":108,"column":4},"end":{"line":111,"column":12}},"70":{"start":{"line":113,"column":2},"end":{"line":118,"column":3}},"71":{"start":{"line":114,"column":4},"end":{"line":117,"column":12}},"72":{"start":{"line":122,"column":2},"end":{"line":122,"column":151}},"73":{"start":{"line":126,"column":2},"end":{"line":128,"column":3}},"74":{"start":{"line":127,"column":4},"end":{"line":127,"column":127}},"75":{"start":{"line":129,"column":2},"end":{"line":131,"column":3}},"76":{"start":{"line":130,"column":4},"end":{"line":130,"column":133}},"77":{"start":{"line":135,"column":17},"end":{"line":135,"column":19}},"78":{"start":{"line":136,"column":2},"end":{"line":136,"column":84}},"79":{"start":{"line":137,"column":2},"end":{"line":137,"column":76}},"80":{"start":{"line":138,"column":2},"end":{"line":138,"column":84}},"81":{"start":{"line":139,"column":2},"end":{"line":139,"column":74}},"82":{"start":{"line":140,"column":2},"end":{"line":140,"column":80}},"83":{"start":{"line":141,"column":2},"end":{"line":141,"column":16}},"84":{"start":{"line":146,"column":11},"end":{"line":146,"column":71}},"85":{"start":{"line":149,"column":2},"end":{"line":149,"column":110}},"86":{"start":{"line":150,"column":19},"end":{"line":150,"column":20}},"87":{"start":{"line":151,"column":2},"end":{"line":177,"column":3}},"88":{"start":{"line":152,"column":4},"end":{"line":162,"column":5}},"89":{"start":{"line":153,"column":6},"end":{"line":155,"column":7}},"90":{"start":{"line":154,"column":8},"end":{"line":154,"column":41}},"91":{"start":{"line":156,"column":6},"end":{"line":158,"column":7}},"92":{"start":{"line":157,"column":8},"end":{"line":157,"column":41}},"93":{"start":{"line":160,"column":6},"end":{"line":160,"column":129}},"94":{"start":{"line":161,"column":6},"end":{"line":161,"column":67}},"95":{"start":{"line":163,"column":4},"end":{"line":163,"column":112}},"96":{"start":{"line":164,"column":4},"end":{"line":164,"column":17}},"97":{"start":{"line":165,"column":4},"end":{"line":176,"column":5}},"98":{"start":{"line":166,"column":6},"end":{"line":166,"column":72}},"99":{"start":{"line":167,"column":6},"end":{"line":174,"column":7}},"100":{"start":{"line":168,"column":8},"end":{"line":172,"column":9}},"101":{"start":{"line":169,"column":18},"end":{"line":169,"column":60}},"102":{"start":{"line":170,"column":15},"end":{"line":172,"column":9}},"103":{"start":{"line":171,"column":18},"end":{"line":171,"column":65}},"104":{"start":{"line":173,"column":8},"end":{"line":173,"column":161}},"105":{"start":{"line":175,"column":6},"end":{"line":175,"column":12}},"106":{"start":{"line":178,"column":2},"end":{"line":180,"column":3}},"107":{"start":{"line":179,"column":4},"end":{"line":179,"column":16}},"108":{"start":{"line":181,"column":2},"end":{"line":181,"column":12}},"109":{"start":{"line":186,"column":2},"end":{"line":190,"column":3}},"110":{"start":{"line":187,"column":4},"end":{"line":187,"column":221}},"111":{"start":{"line":188,"column":9},"end":{"line":190,"column":3}},"112":{"start":{"line":189,"column":4},"end":{"line":189,"column":236}},"113":{"start":{"line":191,"column":2},"end":{"line":193,"column":3}},"114":{"start":{"line":192,"column":4},"end":{"line":192,"column":35}},"115":{"start":{"line":194,"column":2},"end":{"line":194,"column":34}},"116":{"start":{"line":198,"column":2},"end":{"line":212,"column":3}},"117":{"start":{"line":199,"column":4},"end":{"line":201,"column":5}},"118":{"start":{"line":200,"column":6},"end":{"line":200,"column":93}},"119":{"start":{"line":202,"column":4},"end":{"line":204,"column":5}},"120":{"start":{"line":203,"column":6},"end":{"line":203,"column":79}},"121":{"start":{"line":205,"column":9},"end":{"line":212,"column":3}},"122":{"start":{"line":206,"column":4},"end":{"line":208,"column":5}},"123":{"start":{"line":207,"column":6},"end":{"line":207,"column":98}},"124":{"start":{"line":209,"column":4},"end":{"line":211,"column":5}},"125":{"start":{"line":210,"column":6},"end":{"line":210,"column":84}},"126":{"start":{"line":216,"column":21},"end":{"line":216,"column":22}},"127":{"start":{"line":217,"column":2},"end":{"line":234,"column":3}},"128":{"start":{"line":220,"column":4},"end":{"line":232,"column":5}},"129":{"start":{"line":221,"column":6},"end":{"line":223,"column":7}},"130":{"start":{"line":222,"column":8},"end":{"line":222,"column":74}},"131":{"start":{"line":224,"column":6},"end":{"line":226,"column":7}},"132":{"start":{"line":225,"column":8},"end":{"line":225,"column":47}},"133":{"start":{"line":227,"column":6},"end":{"line":231,"column":7}},"134":{"start":{"line":228,"column":8},"end":{"line":230,"column":9}},"135":{"start":{"line":229,"column":10},"end":{"line":229,"column":26}},"136":{"start":{"line":235,"column":2},"end":{"line":235,"column":20}},"137":{"start":{"line":239,"column":19},"end":{"line":239,"column":31}},"138":{"start":{"line":240,"column":13},"end":{"line":240,"column":15}},"139":{"start":{"line":242,"column":2},"end":{"line":246,"column":3}},"140":{"start":{"line":243,"column":4},"end":{"line":245,"column":5}},"141":{"start":{"line":243,"column":16},"end":{"line":243,"column":17}},"142":{"start":{"line":244,"column":6},"end":{"line":244,"column":24}},"143":{"start":{"line":249,"column":18},"end":{"line":249,"column":22}},"144":{"start":{"line":250,"column":10},"end":{"line":250,"column":11}},"145":{"start":{"line":250,"column":21},"end":{"line":250,"column":22}},"146":{"start":{"line":251,"column":8},"end":{"line":251,"column":9}},"147":{"start":{"line":252,"column":2},"end":{"line":280,"column":3}},"148":{"start":{"line":253,"column":4},"end":{"line":279,"column":5}},"149":{"start":{"line":254,"column":6},"end":{"line":254,"column":25}},"150":{"start":{"line":255,"column":6},"end":{"line":255,"column":12}},"151":{"start":{"line":256,"column":11},"end":{"line":279,"column":5}},"152":{"start":{"line":257,"column":6},"end":{"line":267,"column":9}},"153":{"start":{"line":268,"column":6},"end":{"line":268,"column":28}},"154":{"start":{"line":269,"column":6},"end":{"line":269,"column":24}},"155":{"start":{"line":270,"column":6},"end":{"line":270,"column":10}},"156":{"start":{"line":271,"column":6},"end":{"line":271,"column":12}},"157":{"start":{"line":272,"column":6},"end":{"line":272,"column":16}},"158":{"start":{"line":274,"column":6},"end":{"line":277,"column":7}},"159":{"start":{"line":275,"column":8},"end":{"line":275,"column":12}},"160":{"start":{"line":276,"column":8},"end":{"line":276,"column":14}},"161":{"start":{"line":278,"column":6},"end":{"line":278,"column":10}},"162":{"start":{"line":283,"column":2},"end":{"line":283,"column":19}},"163":{"start":{"line":284,"column":2},"end":{"line":284,"column":22}},"164":{"start":{"line":285,"column":2},"end":{"line":395,"column":3}},"165":{"start":{"line":286,"column":4},"end":{"line":394,"column":5}},"166":{"start":{"line":287,"column":6},"end":{"line":287,"column":25}},"167":{"start":{"line":288,"column":6},"end":{"line":288,"column":12}},"168":{"start":{"line":289,"column":11},"end":{"line":394,"column":5}},"169":{"start":{"line":290,"column":6},"end":{"line":345,"column":7}},"170":{"start":{"line":292,"column":8},"end":{"line":303,"column":11}},"171":{"start":{"line":304,"column":8},"end":{"line":304,"column":30}},"172":{"start":{"line":305,"column":8},"end":{"line":305,"column":26}},"173":{"start":{"line":306,"column":8},"end":{"line":306,"column":12}},"174":{"start":{"line":307,"column":8},"end":{"line":307,"column":14}},"175":{"start":{"line":308,"column":8},"end":{"line":308,"column":18}},"176":{"start":{"line":309,"column":13},"end":{"line":345,"column":7}},"177":{"start":{"line":311,"column":8},"end":{"line":320,"column":11}},"178":{"start":{"line":321,"column":8},"end":{"line":321,"column":30}},"179":{"start":{"line":322,"column":8},"end":{"line":322,"column":26}},"180":{"start":{"line":323,"column":8},"end":{"line":323,"column":12}},"181":{"start":{"line":324,"column":8},"end":{"line":324,"column":14}},"182":{"start":{"line":325,"column":8},"end":{"line":325,"column":18}},"183":{"start":{"line":326,"column":13},"end":{"line":345,"column":7}},"184":{"start":{"line":328,"column":8},"end":{"line":339,"column":11}},"185":{"start":{"line":340,"column":8},"end":{"line":340,"column":30}},"186":{"start":{"line":341,"column":8},"end":{"line":341,"column":26}},"187":{"start":{"line":342,"column":8},"end":{"line":342,"column":12}},"188":{"start":{"line":343,"column":8},"end":{"line":343,"column":14}},"189":{"start":{"line":344,"column":8},"end":{"line":344,"column":18}},"190":{"start":{"line":346,"column":11},"end":{"line":394,"column":5}},"191":{"start":{"line":347,"column":6},"end":{"line":387,"column":7}},"192":{"start":{"line":349,"column":8},"end":{"line":361,"column":11}},"193":{"start":{"line":362,"column":8},"end":{"line":362,"column":30}},"194":{"start":{"line":363,"column":8},"end":{"line":363,"column":26}},"195":{"start":{"line":364,"column":8},"end":{"line":364,"column":12}},"196":{"start":{"line":365,"column":8},"end":{"line":365,"column":14}},"197":{"start":{"line":366,"column":8},"end":{"line":366,"column":18}},"198":{"start":{"line":367,"column":13},"end":{"line":387,"column":7}},"199":{"start":{"line":369,"column":8},"end":{"line":381,"column":11}},"200":{"start":{"line":382,"column":8},"end":{"line":382,"column":30}},"201":{"start":{"line":383,"column":8},"end":{"line":383,"column":26}},"202":{"start":{"line":384,"column":8},"end":{"line":384,"column":12}},"203":{"start":{"line":385,"column":8},"end":{"line":385,"column":14}},"204":{"start":{"line":386,"column":8},"end":{"line":386,"column":18}},"205":{"start":{"line":389,"column":6},"end":{"line":392,"column":7}},"206":{"start":{"line":390,"column":8},"end":{"line":390,"column":12}},"207":{"start":{"line":391,"column":8},"end":{"line":391,"column":14}},"208":{"start":{"line":393,"column":6},"end":{"line":393,"column":10}},"209":{"start":{"line":398,"column":2},"end":{"line":398,"column":19}},"210":{"start":{"line":399,"column":2},"end":{"line":399,"column":22}},"211":{"start":{"line":400,"column":2},"end":{"line":428,"column":3}},"212":{"start":{"line":401,"column":4},"end":{"line":427,"column":5}},"213":{"start":{"line":402,"column":6},"end":{"line":402,"column":25}},"214":{"start":{"line":403,"column":6},"end":{"line":403,"column":12}},"215":{"start":{"line":404,"column":11},"end":{"line":427,"column":5}},"216":{"start":{"line":405,"column":6},"end":{"line":415,"column":9}},"217":{"start":{"line":416,"column":6},"end":{"line":416,"column":28}},"218":{"start":{"line":417,"column":6},"end":{"line":417,"column":24}},"219":{"start":{"line":418,"column":6},"end":{"line":418,"column":10}},"220":{"start":{"line":419,"column":6},"end":{"line":419,"column":12}},"221":{"start":{"line":420,"column":6},"end":{"line":420,"column":16}},"222":{"start":{"line":422,"column":6},"end":{"line":425,"column":7}},"223":{"start":{"line":423,"column":8},"end":{"line":423,"column":12}},"224":{"start":{"line":424,"column":8},"end":{"line":424,"column":14}},"225":{"start":{"line":426,"column":6},"end":{"line":426,"column":10}},"226":{"start":{"line":431,"column":2},"end":{"line":431,"column":19}},"227":{"start":{"line":432,"column":2},"end":{"line":432,"column":22}},"228":{"start":{"line":433,"column":2},"end":{"line":460,"column":3}},"229":{"start":{"line":434,"column":4},"end":{"line":459,"column":5}},"230":{"start":{"line":435,"column":6},"end":{"line":435,"column":25}},"231":{"start":{"line":436,"column":6},"end":{"line":436,"column":12}},"232":{"start":{"line":437,"column":11},"end":{"line":459,"column":5}},"233":{"start":{"line":438,"column":6},"end":{"line":447,"column":9}},"234":{"start":{"line":448,"column":6},"end":{"line":448,"column":28}},"235":{"start":{"line":449,"column":6},"end":{"line":449,"column":24}},"236":{"start":{"line":450,"column":6},"end":{"line":450,"column":10}},"237":{"start":{"line":451,"column":6},"end":{"line":451,"column":12}},"238":{"start":{"line":452,"column":6},"end":{"line":452,"column":16}},"239":{"start":{"line":454,"column":6},"end":{"line":457,"column":7}},"240":{"start":{"line":455,"column":8},"end":{"line":455,"column":12}},"241":{"start":{"line":456,"column":8},"end":{"line":456,"column":14}},"242":{"start":{"line":458,"column":6},"end":{"line":458,"column":10}},"243":{"start":{"line":463,"column":2},"end":{"line":463,"column":19}},"244":{"start":{"line":464,"column":2},"end":{"line":464,"column":22}},"245":{"start":{"line":465,"column":2},"end":{"line":511,"column":3}},"246":{"start":{"line":466,"column":4},"end":{"line":510,"column":5}},"247":{"start":{"line":467,"column":6},"end":{"line":467,"column":25}},"248":{"start":{"line":468,"column":6},"end":{"line":468,"column":12}},"249":{"start":{"line":469,"column":11},"end":{"line":510,"column":5}},"250":{"start":{"line":470,"column":6},"end":{"line":503,"column":7}},"251":{"start":{"line":472,"column":8},"end":{"line":480,"column":11}},"252":{"start":{"line":481,"column":8},"end":{"line":481,"column":30}},"253":{"start":{"line":482,"column":8},"end":{"line":482,"column":26}},"254":{"start":{"line":483,"column":8},"end":{"line":483,"column":12}},"255":{"start":{"line":484,"column":8},"end":{"line":484,"column":14}},"256":{"start":{"line":485,"column":8},"end":{"line":485,"column":18}},"257":{"start":{"line":488,"column":8},"end":{"line":497,"column":11}},"258":{"start":{"line":498,"column":8},"end":{"line":498,"column":30}},"259":{"start":{"line":499,"column":8},"end":{"line":499,"column":26}},"260":{"start":{"line":500,"column":8},"end":{"line":500,"column":12}},"261":{"start":{"line":501,"column":8},"end":{"line":501,"column":14}},"262":{"start":{"line":502,"column":8},"end":{"line":502,"column":18}},"263":{"start":{"line":505,"column":6},"end":{"line":508,"column":7}},"264":{"start":{"line":506,"column":8},"end":{"line":506,"column":12}},"265":{"start":{"line":507,"column":8},"end":{"line":507,"column":14}},"266":{"start":{"line":509,"column":6},"end":{"line":509,"column":10}},"267":{"start":{"line":514,"column":2},"end":{"line":514,"column":19}},"268":{"start":{"line":515,"column":2},"end":{"line":515,"column":22}},"269":{"start":{"line":516,"column":2},"end":{"line":543,"column":3}},"270":{"start":{"line":517,"column":4},"end":{"line":542,"column":5}},"271":{"start":{"line":518,"column":6},"end":{"line":518,"column":25}},"272":{"start":{"line":519,"column":6},"end":{"line":519,"column":12}},"273":{"start":{"line":520,"column":11},"end":{"line":542,"column":5}},"274":{"start":{"line":521,"column":6},"end":{"line":530,"column":9}},"275":{"start":{"line":531,"column":6},"end":{"line":531,"column":28}},"276":{"start":{"line":532,"column":6},"end":{"line":532,"column":24}},"277":{"start":{"line":533,"column":6},"end":{"line":533,"column":10}},"278":{"start":{"line":534,"column":6},"end":{"line":534,"column":12}},"279":{"start":{"line":535,"column":6},"end":{"line":535,"column":16}},"280":{"start":{"line":537,"column":6},"end":{"line":540,"column":7}},"281":{"start":{"line":538,"column":8},"end":{"line":538,"column":12}},"282":{"start":{"line":539,"column":8},"end":{"line":539,"column":14}},"283":{"start":{"line":541,"column":6},"end":{"line":541,"column":10}},"284":{"start":{"line":546,"column":2},"end":{"line":546,"column":19}},"285":{"start":{"line":547,"column":2},"end":{"line":547,"column":8}},"286":{"start":{"line":548,"column":2},"end":{"line":565,"column":3}},"287":{"start":{"line":549,"column":4},"end":{"line":563,"column":5}},"288":{"start":{"line":550,"column":6},"end":{"line":550,"column":25}},"289":{"start":{"line":551,"column":6},"end":{"line":551,"column":12}},"290":{"start":{"line":552,"column":11},"end":{"line":563,"column":5}},"291":{"start":{"line":553,"column":6},"end":{"line":562,"column":8}},"292":{"start":{"line":564,"column":4},"end":{"line":564,"column":8}},"293":{"start":{"line":567,"column":2},"end":{"line":567,"column":14}},"294":{"start":{"line":571,"column":24},"end":{"line":571,"column":26}},"295":{"start":{"line":572,"column":2},"end":{"line":581,"column":3}},"296":{"start":{"line":573,"column":4},"end":{"line":580,"column":5}},"297":{"start":{"line":574,"column":6},"end":{"line":579,"column":7}},"298":{"start":{"line":575,"column":8},"end":{"line":575,"column":36}},"299":{"start":{"line":577,"column":11},"end":{"line":579,"column":7}},"300":{"start":{"line":578,"column":8},"end":{"line":578,"column":36}},"301":{"start":{"line":582,"column":2},"end":{"line":582,"column":24}},"302":{"start":{"line":586,"column":18},"end":{"line":586,"column":20}},"303":{"start":{"line":587,"column":2},"end":{"line":593,"column":3}},"304":{"start":{"line":588,"column":4},"end":{"line":592,"column":5}},"305":{"start":{"line":589,"column":6},"end":{"line":591,"column":7}},"306":{"start":{"line":590,"column":8},"end":{"line":590,"column":29}},"307":{"start":{"line":594,"column":2},"end":{"line":594,"column":18}},"308":{"start":{"line":598,"column":15},"end":{"line":598,"column":95}},"309":{"start":{"line":598,"column":38},"end":{"line":598,"column":93}},"310":{"start":{"line":599,"column":17},"end":{"line":599,"column":59}},"311":{"start":{"line":599,"column":41},"end":{"line":599,"column":55}},"312":{"start":{"line":600,"column":2},"end":{"line":639,"column":3}},"313":{"start":{"line":601,"column":4},"end":{"line":627,"column":5}},"314":{"start":{"line":601,"column":29},"end":{"line":601,"column":56}},"315":{"start":{"line":602,"column":6},"end":{"line":623,"column":7}},"316":{"start":{"line":602,"column":31},"end":{"line":602,"column":60}},"317":{"start":{"line":603,"column":8},"end":{"line":611,"column":9}},"318":{"start":{"line":604,"column":10},"end":{"line":604,"column":62}},"319":{"start":{"line":606,"column":13},"end":{"line":611,"column":9}},"320":{"start":{"line":607,"column":10},"end":{"line":607,"column":58}},"321":{"start":{"line":609,"column":13},"end":{"line":611,"column":9}},"322":{"start":{"line":610,"column":10},"end":{"line":610,"column":59}},"323":{"start":{"line":614,"column":8},"end":{"line":622,"column":9}},"324":{"start":{"line":615,"column":10},"end":{"line":615,"column":71}},"325":{"start":{"line":617,"column":13},"end":{"line":622,"column":9}},"326":{"start":{"line":618,"column":10},"end":{"line":618,"column":67}},"327":{"start":{"line":620,"column":13},"end":{"line":622,"column":9}},"328":{"start":{"line":621,"column":10},"end":{"line":621,"column":68}},"329":{"start":{"line":626,"column":6},"end":{"line":626,"column":42}},"330":{"start":{"line":629,"column":7},"end":{"line":639,"column":3}},"331":{"start":{"line":630,"column":4},"end":{"line":638,"column":5}},"332":{"start":{"line":631,"column":6},"end":{"line":631,"column":52}},"333":{"start":{"line":633,"column":9},"end":{"line":638,"column":5}},"334":{"start":{"line":634,"column":6},"end":{"line":634,"column":48}},"335":{"start":{"line":636,"column":9},"end":{"line":638,"column":5}},"336":{"start":{"line":637,"column":6},"end":{"line":637,"column":49}},"337":{"start":{"line":640,"column":2},"end":{"line":640,"column":27}}},"fnMap":{"0":{"name":"cndf","decl":{"start":{"line":1,"column":16},"end":{"line":1,"column":20}},"loc":{"start":{"line":1,"column":24},"end":{"line":26,"column":1}},"line":1},"1":{"name":"cndfInv","decl":{"start":{"line":28,"column":16},"end":{"line":28,"column":23}},"loc":{"start":{"line":28,"column":27},"end":{"line":64,"column":1}},"line":28},"2":{"name":"ndf","decl":{"start":{"line":66,"column":16},"end":{"line":66,"column":19}},"loc":{"start":{"line":66,"column":23},"end":{"line":68,"column":1}},"line":66},"3":{"name":"loss","decl":{"start":{"line":70,"column":16},"end":{"line":70,"column":20}},"loc":{"start":{"line":70,"column":27},"end":{"line":72,"column":1}},"line":70},"4":{"name":"d1","decl":{"start":{"line":74,"column":16},"end":{"line":74,"column":18}},"loc":{"start":{"line":74,"column":41},"end":{"line":76,"column":1}},"line":74},"5":{"name":"d2","decl":{"start":{"line":78,"column":16},"end":{"line":78,"column":18}},"loc":{"start":{"line":78,"column":41},"end":{"line":80,"column":1}},"line":78},"6":{"name":"getRangeOfPrices","decl":{"start":{"line":82,"column":16},"end":{"line":82,"column":32}},"loc":{"start":{"line":82,"column":96},"end":{"line":90,"column":1}},"line":82},"7":{"name":"delta","decl":{"start":{"line":93,"column":16},"end":{"line":93,"column":21}},"loc":{"start":{"line":93,"column":83},"end":{"line":100,"column":1}},"line":93},"8":{"name":"gamma","decl":{"start":{"line":102,"column":16},"end":{"line":102,"column":21}},"loc":{"start":{"line":102,"column":75},"end":{"line":104,"column":1}},"line":102},"9":{"name":"theta","decl":{"start":{"line":106,"column":16},"end":{"line":106,"column":21}},"loc":{"start":{"line":106,"column":83},"end":{"line":119,"column":1}},"line":106},"10":{"name":"vega","decl":{"start":{"line":121,"column":16},"end":{"line":121,"column":20}},"loc":{"start":{"line":121,"column":74},"end":{"line":123,"column":1}},"line":121},"11":{"name":"rho","decl":{"start":{"line":125,"column":16},"end":{"line":125,"column":19}},"loc":{"start":{"line":125,"column":81},"end":{"line":132,"column":1}},"line":125},"12":{"name":"calculateGreeks","decl":{"start":{"line":134,"column":16},"end":{"line":134,"column":31}},"loc":{"start":{"line":134,"column":93},"end":{"line":142,"column":1}},"line":134},"13":{"name":"calculateIV","decl":{"start":{"line":145,"column":16},"end":{"line":145,"column":27}},"loc":{"start":{"line":145,"column":92},"end":{"line":182,"column":1}},"line":145},"14":{"name":"calculateOptionsPrice","decl":{"start":{"line":184,"column":16},"end":{"line":184,"column":37}},"loc":{"start":{"line":184,"column":99},"end":{"line":195,"column":1}},"line":184},"15":{"name":"calculateProfitAtExpiry","decl":{"start":{"line":197,"column":16},"end":{"line":197,"column":39}},"loc":{"start":{"line":197,"column":94},"end":{"line":213,"column":1}},"line":197},"16":{"name":"collateralAnalysis","decl":{"start":{"line":215,"column":16},"end":{"line":215,"column":34}},"loc":{"start":{"line":215,"column":48},"end":{"line":236,"column":1}},"line":215},"17":{"name":"extractStrategies","decl":{"start":{"line":238,"column":16},"end":{"line":238,"column":33}},"loc":{"start":{"line":238,"column":43},"end":{"line":568,"column":1}},"line":238},"18":{"name":"assignmentRiskAnalysis","decl":{"start":{"line":570,"column":16},"end":{"line":570,"column":38}},"loc":{"start":{"line":570,"column":68},"end":{"line":583,"column":1}},"line":570},"19":{"name":"nakedLegsAnalysis","decl":{"start":{"line":585,"column":16},"end":{"line":585,"column":33}},"loc":{"start":{"line":585,"column":46},"end":{"line":595,"column":1}},"line":585},"20":{"name":"nameStrategy","decl":{"start":{"line":597,"column":16},"end":{"line":597,"column":28}},"loc":{"start":{"line":597,"column":40},"end":{"line":641,"column":1}},"line":597},"21":{"name":"(anonymous_21)","decl":{"start":{"line":598,"column":30},"end":{"line":598,"column":31}},"loc":{"start":{"line":598,"column":37},"end":{"line":598,"column":94}},"line":598},"22":{"name":"(anonymous_22)","decl":{"start":{"line":599,"column":31},"end":{"line":599,"column":32}},"loc":{"start":{"line":599,"column":41},"end":{"line":599,"column":55}},"line":599},"23":{"name":"(anonymous_23)","decl":{"start":{"line":601,"column":20},"end":{"line":601,"column":21}},"loc":{"start":{"line":601,"column":29},"end":{"line":601,"column":56}},"line":601},"24":{"name":"(anonymous_24)","decl":{"start":{"line":602,"column":22},"end":{"line":602,"column":23}},"loc":{"start":{"line":602,"column":31},"end":{"line":602,"column":60}},"line":602}},"branchMap":{"0":{"loc":{"start":{"line":2,"column":2},"end":{"line":4,"column":3}},"type":"if","locations":[{"start":{"line":2,"column":2},"end":{"line":4,"column":3}},{"start":{"line":2,"column":2},"end":{"line":4,"column":3}}],"line":2},"1":{"loc":{"start":{"line":5,"column":2},"end":{"line":7,"column":3}},"type":"if","locations":[{"start":{"line":5,"column":2},"end":{"line":7,"column":3}},{"start":{"line":5,"column":2},"end":{"line":7,"column":3}}],"line":5},"2":{"loc":{"start":{"line":18,"column":2},"end":{"line":18,"column":27}},"type":"if","locations":[{"start":{"line":18,"column":2},"end":{"line":18,"column":27}},{"start":{"line":18,"column":2},"end":{"line":18,"column":27}}],"line":18},"3":{"loc":{"start":{"line":49,"column":2},"end":{"line":61,"column":3}},"type":"if","locations":[{"start":{"line":49,"column":2},"end":{"line":61,"column":3}},{"start":{"line":49,"column":2},"end":{"line":61,"column":3}}],"line":49},"4":{"loc":{"start":{"line":49,"column":6},"end":{"line":49,"column":24}},"type":"binary-expr","locations":[{"start":{"line":49,"column":7},"end":{"line":49,"column":12}},{"start":{"line":49,"column":18},"end":{"line":49,"column":23}}],"line":49},"5":{"loc":{"start":{"line":51,"column":9},"end":{"line":61,"column":3}},"type":"if","locations":[{"start":{"line":51,"column":9},"end":{"line":61,"column":3}},{"start":{"line":51,"column":9},"end":{"line":61,"column":3}}],"line":51},"6":{"loc":{"start":{"line":54,"column":9},"end":{"line":61,"column":3}},"type":"if","locations":[{"start":{"line":54,"column":9},"end":{"line":61,"column":3}},{"start":{"line":54,"column":9},"end":{"line":61,"column":3}}],"line":54},"7":{"loc":{"start":{"line":94,"column":2},"end":{"line":96,"column":3}},"type":"if","locations":[{"start":{"line":94,"column":2},"end":{"line":96,"column":3}},{"start":{"line":94,"column":2},"end":{"line":96,"column":3}}],"line":94},"8":{"loc":{"start":{"line":95,"column":12},"end":{"line":95,"column":27}},"type":"cond-expr","locations":[{"start":{"line":95,"column":21},"end":{"line":95,"column":22}},{"start":{"line":95,"column":25},"end":{"line":95,"column":27}}],"line":95},"9":{"loc":{"start":{"line":97,"column":2},"end":{"line":99,"column":3}},"type":"if","locations":[{"start":{"line":97,"column":2},"end":{"line":99,"column":3}},{"start":{"line":97,"column":2},"end":{"line":99,"column":3}}],"line":97},"10":{"loc":{"start":{"line":98,"column":12},"end":{"line":98,"column":27}},"type":"cond-expr","locations":[{"start":{"line":98,"column":21},"end":{"line":98,"column":22}},{"start":{"line":98,"column":25},"end":{"line":98,"column":27}}],"line":98},"11":{"loc":{"start":{"line":103,"column":10},"end":{"line":103,"column":25}},"type":"cond-expr","locations":[{"start":{"line":103,"column":19},"end":{"line":103,"column":20}},{"start":{"line":103,"column":23},"end":{"line":103,"column":25}}],"line":103},"12":{"loc":{"start":{"line":107,"column":2},"end":{"line":112,"column":3}},"type":"if","locations":[{"start":{"line":107,"column":2},"end":{"line":112,"column":3}},{"start":{"line":107,"column":2},"end":{"line":112,"column":3}}],"line":107},"13":{"loc":{"start":{"line":108,"column":12},"end":{"line":108,"column":27}},"type":"cond-expr","locations":[{"start":{"line":108,"column":21},"end":{"line":108,"column":22}},{"start":{"line":108,"column":25},"end":{"line":108,"column":27}}],"line":108},"14":{"loc":{"start":{"line":113,"column":2},"end":{"line":118,"column":3}},"type":"if","locations":[{"start":{"line":113,"column":2},"end":{"line":118,"column":3}},{"start":{"line":113,"column":2},"end":{"line":118,"column":3}}],"line":113},"15":{"loc":{"start":{"line":114,"column":12},"end":{"line":114,"column":27}},"type":"cond-expr","locations":[{"start":{"line":114,"column":21},"end":{"line":114,"column":22}},{"start":{"line":114,"column":25},"end":{"line":114,"column":27}}],"line":114},"16":{"loc":{"start":{"line":122,"column":10},"end":{"line":122,"column":25}},"type":"cond-expr","locations":[{"start":{"line":122,"column":19},"end":{"line":122,"column":20}},{"start":{"line":122,"column":23},"end":{"line":122,"column":25}}],"line":122},"17":{"loc":{"start":{"line":126,"column":2},"end":{"line":128,"column":3}},"type":"if","locations":[{"start":{"line":126,"column":2},"end":{"line":128,"column":3}},{"start":{"line":126,"column":2},"end":{"line":128,"column":3}}],"line":126},"18":{"loc":{"start":{"line":127,"column":12},"end":{"line":127,"column":27}},"type":"cond-expr","locations":[{"start":{"line":127,"column":21},"end":{"line":127,"column":22}},{"start":{"line":127,"column":25},"end":{"line":127,"column":27}}],"line":127},"19":{"loc":{"start":{"line":129,"column":2},"end":{"line":131,"column":3}},"type":"if","locations":[{"start":{"line":129,"column":2},"end":{"line":131,"column":3}},{"start":{"line":129,"column":2},"end":{"line":131,"column":3}}],"line":129},"20":{"loc":{"start":{"line":130,"column":12},"end":{"line":130,"column":27}},"type":"cond-expr","locations":[{"start":{"line":130,"column":21},"end":{"line":130,"column":22}},{"start":{"line":130,"column":25},"end":{"line":130,"column":27}}],"line":130},"21":{"loc":{"start":{"line":151,"column":9},"end":{"line":151,"column":126}},"type":"binary-expr","locations":[{"start":{"line":151,"column":9},"end":{"line":151,"column":65}},{"start":{"line":151,"column":69},"end":{"line":151,"column":126}}],"line":151},"22":{"loc":{"start":{"line":152,"column":4},"end":{"line":162,"column":5}},"type":"if","locations":[{"start":{"line":152,"column":4},"end":{"line":162,"column":5}},{"start":{"line":152,"column":4},"end":{"line":162,"column":5}}],"line":152},"23":{"loc":{"start":{"line":153,"column":6},"end":{"line":155,"column":7}},"type":"if","locations":[{"start":{"line":153,"column":6},"end":{"line":155,"column":7}},{"start":{"line":153,"column":6},"end":{"line":155,"column":7}}],"line":153},"24":{"loc":{"start":{"line":156,"column":6},"end":{"line":158,"column":7}},"type":"if","locations":[{"start":{"line":156,"column":6},"end":{"line":158,"column":7}},{"start":{"line":156,"column":6},"end":{"line":158,"column":7}}],"line":156},"25":{"loc":{"start":{"line":165,"column":4},"end":{"line":176,"column":5}},"type":"if","locations":[{"start":{"line":165,"column":4},"end":{"line":176,"column":5}},{"start":{"line":165,"column":4},"end":{"line":176,"column":5}}],"line":165},"26":{"loc":{"start":{"line":167,"column":6},"end":{"line":174,"column":7}},"type":"if","locations":[{"start":{"line":167,"column":6},"end":{"line":174,"column":7}},{"start":{"line":167,"column":6},"end":{"line":174,"column":7}}],"line":167},"27":{"loc":{"start":{"line":167,"column":10},"end":{"line":167,"column":184}},"type":"binary-expr","locations":[{"start":{"line":167,"column":11},"end":{"line":167,"column":103}},{"start":{"line":167,"column":109},"end":{"line":167,"column":183}}],"line":167},"28":{"loc":{"start":{"line":167,"column":11},"end":{"line":167,"column":103}},"type":"cond-expr","locations":[{"start":{"line":167,"column":20},"end":{"line":167,"column":60}},{"start":{"line":167,"column":63},"end":{"line":167,"column":103}}],"line":167},"29":{"loc":{"start":{"line":167,"column":109},"end":{"line":167,"column":183}},"type":"cond-expr","locations":[{"start":{"line":167,"column":118},"end":{"line":167,"column":149}},{"start":{"line":167,"column":152},"end":{"line":167,"column":183}}],"line":167},"30":{"loc":{"start":{"line":168,"column":8},"end":{"line":172,"column":9}},"type":"if","locations":[{"start":{"line":168,"column":8},"end":{"line":172,"column":9}},{"start":{"line":168,"column":8},"end":{"line":172,"column":9}}],"line":168},"31":{"loc":{"start":{"line":170,"column":15},"end":{"line":172,"column":9}},"type":"if","locations":[{"start":{"line":170,"column":15},"end":{"line":172,"column":9}},{"start":{"line":170,"column":15},"end":{"line":172,"column":9}}],"line":170},"32":{"loc":{"start":{"line":178,"column":2},"end":{"line":180,"column":3}},"type":"if","locations":[{"start":{"line":178,"column":2},"end":{"line":180,"column":3}},{"start":{"line":178,"column":2},"end":{"line":180,"column":3}}],"line":178},"33":{"loc":{"start":{"line":186,"column":2},"end":{"line":190,"column":3}},"type":"if","locations":[{"start":{"line":186,"column":2},"end":{"line":190,"column":3}},{"start":{"line":186,"column":2},"end":{"line":190,"column":3}}],"line":186},"34":{"loc":{"start":{"line":188,"column":9},"end":{"line":190,"column":3}},"type":"if","locations":[{"start":{"line":188,"column":9},"end":{"line":190,"column":3}},{"start":{"line":188,"column":9},"end":{"line":190,"column":3}}],"line":188},"35":{"loc":{"start":{"line":191,"column":2},"end":{"line":193,"column":3}},"type":"if","locations":[{"start":{"line":191,"column":2},"end":{"line":193,"column":3}},{"start":{"line":191,"column":2},"end":{"line":193,"column":3}}],"line":191},"36":{"loc":{"start":{"line":198,"column":2},"end":{"line":212,"column":3}},"type":"if","locations":[{"start":{"line":198,"column":2},"end":{"line":212,"column":3}},{"start":{"line":198,"column":2},"end":{"line":212,"column":3}}],"line":198},"37":{"loc":{"start":{"line":199,"column":4},"end":{"line":201,"column":5}},"type":"if","locations":[{"start":{"line":199,"column":4},"end":{"line":201,"column":5}},{"start":{"line":199,"column":4},"end":{"line":201,"column":5}}],"line":199},"38":{"loc":{"start":{"line":202,"column":4},"end":{"line":204,"column":5}},"type":"if","locations":[{"start":{"line":202,"column":4},"end":{"line":204,"column":5}},{"start":{"line":202,"column":4},"end":{"line":204,"column":5}}],"line":202},"39":{"loc":{"start":{"line":205,"column":9},"end":{"line":212,"column":3}},"type":"if","locations":[{"start":{"line":205,"column":9},"end":{"line":212,"column":3}},{"start":{"line":205,"column":9},"end":{"line":212,"column":3}}],"line":205},"40":{"loc":{"start":{"line":206,"column":4},"end":{"line":208,"column":5}},"type":"if","locations":[{"start":{"line":206,"column":4},"end":{"line":208,"column":5}},{"start":{"line":206,"column":4},"end":{"line":208,"column":5}}],"line":206},"41":{"loc":{"start":{"line":209,"column":4},"end":{"line":211,"column":5}},"type":"if","locations":[{"start":{"line":209,"column":4},"end":{"line":211,"column":5}},{"start":{"line":209,"column":4},"end":{"line":211,"column":5}}],"line":209},"42":{"loc":{"start":{"line":220,"column":4},"end":{"line":232,"column":5}},"type":"if","locations":[{"start":{"line":220,"column":4},"end":{"line":232,"column":5}},{"start":{"line":220,"column":4},"end":{"line":232,"column":5}}],"line":220},"43":{"loc":{"start":{"line":221,"column":6},"end":{"line":223,"column":7}},"type":"if","locations":[{"start":{"line":221,"column":6},"end":{"line":223,"column":7}},{"start":{"line":221,"column":6},"end":{"line":223,"column":7}}],"line":221},"44":{"loc":{"start":{"line":221,"column":10},"end":{"line":221,"column":58}},"type":"binary-expr","locations":[{"start":{"line":221,"column":10},"end":{"line":221,"column":32}},{"start":{"line":221,"column":36},"end":{"line":221,"column":58}}],"line":221},"45":{"loc":{"start":{"line":224,"column":6},"end":{"line":226,"column":7}},"type":"if","locations":[{"start":{"line":224,"column":6},"end":{"line":226,"column":7}},{"start":{"line":224,"column":6},"end":{"line":226,"column":7}}],"line":224},"46":{"loc":{"start":{"line":227,"column":6},"end":{"line":231,"column":7}},"type":"if","locations":[{"start":{"line":227,"column":6},"end":{"line":231,"column":7}},{"start":{"line":227,"column":6},"end":{"line":231,"column":7}}],"line":227},"47":{"loc":{"start":{"line":228,"column":8},"end":{"line":230,"column":9}},"type":"if","locations":[{"start":{"line":228,"column":8},"end":{"line":230,"column":9}},{"start":{"line":228,"column":8},"end":{"line":230,"column":9}}],"line":228},"48":{"loc":{"start":{"line":243,"column":24},"end":{"line":243,"column":76}},"type":"cond-expr","locations":[{"start":{"line":243,"column":56},"end":{"line":243,"column":72}},{"start":{"line":243,"column":75},"end":{"line":243,"column":76}}],"line":243},"49":{"loc":{"start":{"line":253,"column":4},"end":{"line":279,"column":5}},"type":"if","locations":[{"start":{"line":253,"column":4},"end":{"line":279,"column":5}},{"start":{"line":253,"column":4},"end":{"line":279,"column":5}}],"line":253},"50":{"loc":{"start":{"line":256,"column":11},"end":{"line":279,"column":5}},"type":"if","locations":[{"start":{"line":256,"column":11},"end":{"line":279,"column":5}},{"start":{"line":256,"column":11},"end":{"line":279,"column":5}}],"line":256},"51":{"loc":{"start":{"line":256,"column":15},"end":{"line":256,"column":181}},"type":"binary-expr","locations":[{"start":{"line":256,"column":15},"end":{"line":256,"column":40}},{"start":{"line":256,"column":44},"end":{"line":256,"column":72}},{"start":{"line":256,"column":76},"end":{"line":256,"column":109}},{"start":{"line":256,"column":113},"end":{"line":256,"column":145}},{"start":{"line":256,"column":149},"end":{"line":256,"column":181}}],"line":256},"52":{"loc":{"start":{"line":259,"column":17},"end":{"line":259,"column":66}},"type":"cond-expr","locations":[{"start":{"line":259,"column":34},"end":{"line":259,"column":49}},{"start":{"line":259,"column":52},"end":{"line":259,"column":66}}],"line":259},"53":{"loc":{"start":{"line":260,"column":15},"end":{"line":260,"column":60}},"type":"cond-expr","locations":[{"start":{"line":260,"column":32},"end":{"line":260,"column":45}},{"start":{"line":260,"column":48},"end":{"line":260,"column":60}}],"line":260},"54":{"loc":{"start":{"line":261,"column":14},"end":{"line":261,"column":46}},"type":"cond-expr","locations":[{"start":{"line":261,"column":31},"end":{"line":261,"column":37}},{"start":{"line":261,"column":40},"end":{"line":261,"column":46}}],"line":261},"55":{"loc":{"start":{"line":265,"column":16},"end":{"line":265,"column":39}},"type":"cond-expr","locations":[{"start":{"line":265,"column":33},"end":{"line":265,"column":34}},{"start":{"line":265,"column":37},"end":{"line":265,"column":39}}],"line":265},"56":{"loc":{"start":{"line":265,"column":65},"end":{"line":265,"column":88}},"type":"cond-expr","locations":[{"start":{"line":265,"column":82},"end":{"line":265,"column":83}},{"start":{"line":265,"column":86},"end":{"line":265,"column":88}}],"line":265},"57":{"loc":{"start":{"line":274,"column":6},"end":{"line":277,"column":7}},"type":"if","locations":[{"start":{"line":274,"column":6},"end":{"line":277,"column":7}},{"start":{"line":274,"column":6},"end":{"line":277,"column":7}}],"line":274},"58":{"loc":{"start":{"line":286,"column":4},"end":{"line":394,"column":5}},"type":"if","locations":[{"start":{"line":286,"column":4},"end":{"line":394,"column":5}},{"start":{"line":286,"column":4},"end":{"line":394,"column":5}}],"line":286},"59":{"loc":{"start":{"line":289,"column":11},"end":{"line":394,"column":5}},"type":"if","locations":[{"start":{"line":289,"column":11},"end":{"line":394,"column":5}},{"start":{"line":289,"column":11},"end":{"line":394,"column":5}}],"line":289},"60":{"loc":{"start":{"line":289,"column":15},"end":{"line":289,"column":198}},"type":"binary-expr","locations":[{"start":{"line":289,"column":15},"end":{"line":289,"column":43}},{"start":{"line":289,"column":47},"end":{"line":289,"column":72}},{"start":{"line":289,"column":76},"end":{"line":289,"column":101}},{"start":{"line":289,"column":105},"end":{"line":289,"column":136}},{"start":{"line":289,"column":140},"end":{"line":289,"column":168}},{"start":{"line":289,"column":172},"end":{"line":289,"column":198}}],"line":289},"61":{"loc":{"start":{"line":290,"column":6},"end":{"line":345,"column":7}},"type":"if","locations":[{"start":{"line":290,"column":6},"end":{"line":345,"column":7}},{"start":{"line":290,"column":6},"end":{"line":345,"column":7}}],"line":290},"62":{"loc":{"start":{"line":290,"column":10},"end":{"line":290,"column":74}},"type":"binary-expr","locations":[{"start":{"line":290,"column":10},"end":{"line":290,"column":40}},{"start":{"line":290,"column":44},"end":{"line":290,"column":74}}],"line":290},"63":{"loc":{"start":{"line":298,"column":19},"end":{"line":298,"column":65}},"type":"binary-expr","locations":[{"start":{"line":298,"column":19},"end":{"line":298,"column":40}},{"start":{"line":298,"column":44},"end":{"line":298,"column":65}}],"line":298},"64":{"loc":{"start":{"line":299,"column":16},"end":{"line":299,"column":80}},"type":"cond-expr","locations":[{"start":{"line":299,"column":67},"end":{"line":299,"column":72}},{"start":{"line":299,"column":75},"end":{"line":299,"column":80}}],"line":299},"65":{"loc":{"start":{"line":299,"column":17},"end":{"line":299,"column":63}},"type":"binary-expr","locations":[{"start":{"line":299,"column":17},"end":{"line":299,"column":38}},{"start":{"line":299,"column":42},"end":{"line":299,"column":63}}],"line":299},"66":{"loc":{"start":{"line":309,"column":13},"end":{"line":345,"column":7}},"type":"if","locations":[{"start":{"line":309,"column":13},"end":{"line":345,"column":7}},{"start":{"line":309,"column":13},"end":{"line":345,"column":7}}],"line":309},"67":{"loc":{"start":{"line":309,"column":17},"end":{"line":309,"column":81}},"type":"binary-expr","locations":[{"start":{"line":309,"column":17},"end":{"line":309,"column":47}},{"start":{"line":309,"column":51},"end":{"line":309,"column":81}}],"line":309},"68":{"loc":{"start":{"line":315,"column":19},"end":{"line":315,"column":65}},"type":"binary-expr","locations":[{"start":{"line":315,"column":19},"end":{"line":315,"column":40}},{"start":{"line":315,"column":44},"end":{"line":315,"column":65}}],"line":315},"69":{"loc":{"start":{"line":316,"column":16},"end":{"line":316,"column":80}},"type":"cond-expr","locations":[{"start":{"line":316,"column":67},"end":{"line":316,"column":72}},{"start":{"line":316,"column":75},"end":{"line":316,"column":80}}],"line":316},"70":{"loc":{"start":{"line":316,"column":17},"end":{"line":316,"column":63}},"type":"binary-expr","locations":[{"start":{"line":316,"column":17},"end":{"line":316,"column":38}},{"start":{"line":316,"column":42},"end":{"line":316,"column":63}}],"line":316},"71":{"loc":{"start":{"line":326,"column":13},"end":{"line":345,"column":7}},"type":"if","locations":[{"start":{"line":326,"column":13},"end":{"line":345,"column":7}},{"start":{"line":326,"column":13},"end":{"line":345,"column":7}}],"line":326},"72":{"loc":{"start":{"line":326,"column":17},"end":{"line":326,"column":81}},"type":"binary-expr","locations":[{"start":{"line":326,"column":17},"end":{"line":326,"column":47}},{"start":{"line":326,"column":51},"end":{"line":326,"column":81}}],"line":326},"73":{"loc":{"start":{"line":331,"column":13},"end":{"line":331,"column":74}},"type":"cond-expr","locations":[{"start":{"line":331,"column":45},"end":{"line":331,"column":58}},{"start":{"line":331,"column":61},"end":{"line":331,"column":74}}],"line":331},"74":{"loc":{"start":{"line":332,"column":13},"end":{"line":332,"column":74}},"type":"cond-expr","locations":[{"start":{"line":332,"column":45},"end":{"line":332,"column":58}},{"start":{"line":332,"column":61},"end":{"line":332,"column":74}}],"line":332},"75":{"loc":{"start":{"line":334,"column":19},"end":{"line":334,"column":65}},"type":"binary-expr","locations":[{"start":{"line":334,"column":19},"end":{"line":334,"column":40}},{"start":{"line":334,"column":44},"end":{"line":334,"column":65}}],"line":334},"76":{"loc":{"start":{"line":335,"column":16},"end":{"line":335,"column":80}},"type":"cond-expr","locations":[{"start":{"line":335,"column":67},"end":{"line":335,"column":72}},{"start":{"line":335,"column":75},"end":{"line":335,"column":80}}],"line":335},"77":{"loc":{"start":{"line":335,"column":17},"end":{"line":335,"column":63}},"type":"binary-expr","locations":[{"start":{"line":335,"column":17},"end":{"line":335,"column":38}},{"start":{"line":335,"column":42},"end":{"line":335,"column":63}}],"line":335},"78":{"loc":{"start":{"line":346,"column":11},"end":{"line":394,"column":5}},"type":"if","locations":[{"start":{"line":346,"column":11},"end":{"line":394,"column":5}},{"start":{"line":346,"column":11},"end":{"line":394,"column":5}}],"line":346},"79":{"loc":{"start":{"line":346,"column":15},"end":{"line":346,"column":169}},"type":"binary-expr","locations":[{"start":{"line":346,"column":15},"end":{"line":346,"column":43}},{"start":{"line":346,"column":47},"end":{"line":346,"column":72}},{"start":{"line":346,"column":76},"end":{"line":346,"column":107}},{"start":{"line":346,"column":111},"end":{"line":346,"column":139}},{"start":{"line":346,"column":143},"end":{"line":346,"column":169}}],"line":346},"80":{"loc":{"start":{"line":347,"column":6},"end":{"line":387,"column":7}},"type":"if","locations":[{"start":{"line":347,"column":6},"end":{"line":387,"column":7}},{"start":{"line":347,"column":6},"end":{"line":387,"column":7}}],"line":347},"81":{"loc":{"start":{"line":347,"column":10},"end":{"line":347,"column":74}},"type":"binary-expr","locations":[{"start":{"line":347,"column":10},"end":{"line":347,"column":40}},{"start":{"line":347,"column":44},"end":{"line":347,"column":74}}],"line":347},"82":{"loc":{"start":{"line":355,"column":19},"end":{"line":355,"column":65}},"type":"binary-expr","locations":[{"start":{"line":355,"column":19},"end":{"line":355,"column":40}},{"start":{"line":355,"column":44},"end":{"line":355,"column":65}}],"line":355},"83":{"loc":{"start":{"line":357,"column":16},"end":{"line":357,"column":80}},"type":"cond-expr","locations":[{"start":{"line":357,"column":67},"end":{"line":357,"column":72}},{"start":{"line":357,"column":75},"end":{"line":357,"column":80}}],"line":357},"84":{"loc":{"start":{"line":357,"column":17},"end":{"line":357,"column":63}},"type":"binary-expr","locations":[{"start":{"line":357,"column":17},"end":{"line":357,"column":38}},{"start":{"line":357,"column":42},"end":{"line":357,"column":63}}],"line":357},"85":{"loc":{"start":{"line":358,"column":19},"end":{"line":358,"column":50}},"type":"cond-expr","locations":[{"start":{"line":358,"column":36},"end":{"line":358,"column":42}},{"start":{"line":358,"column":45},"end":{"line":358,"column":50}}],"line":358},"86":{"loc":{"start":{"line":367,"column":13},"end":{"line":387,"column":7}},"type":"if","locations":[{"start":{"line":367,"column":13},"end":{"line":387,"column":7}},{"start":{"line":367,"column":13},"end":{"line":387,"column":7}}],"line":367},"87":{"loc":{"start":{"line":367,"column":17},"end":{"line":367,"column":81}},"type":"binary-expr","locations":[{"start":{"line":367,"column":17},"end":{"line":367,"column":47}},{"start":{"line":367,"column":51},"end":{"line":367,"column":81}}],"line":367},"88":{"loc":{"start":{"line":372,"column":13},"end":{"line":372,"column":74}},"type":"cond-expr","locations":[{"start":{"line":372,"column":45},"end":{"line":372,"column":58}},{"start":{"line":372,"column":61},"end":{"line":372,"column":74}}],"line":372},"89":{"loc":{"start":{"line":373,"column":13},"end":{"line":373,"column":74}},"type":"cond-expr","locations":[{"start":{"line":373,"column":45},"end":{"line":373,"column":58}},{"start":{"line":373,"column":61},"end":{"line":373,"column":74}}],"line":373},"90":{"loc":{"start":{"line":375,"column":19},"end":{"line":375,"column":65}},"type":"binary-expr","locations":[{"start":{"line":375,"column":19},"end":{"line":375,"column":40}},{"start":{"line":375,"column":44},"end":{"line":375,"column":65}}],"line":375},"91":{"loc":{"start":{"line":377,"column":16},"end":{"line":377,"column":80}},"type":"cond-expr","locations":[{"start":{"line":377,"column":67},"end":{"line":377,"column":72}},{"start":{"line":377,"column":75},"end":{"line":377,"column":80}}],"line":377},"92":{"loc":{"start":{"line":377,"column":17},"end":{"line":377,"column":63}},"type":"binary-expr","locations":[{"start":{"line":377,"column":17},"end":{"line":377,"column":38}},{"start":{"line":377,"column":42},"end":{"line":377,"column":63}}],"line":377},"93":{"loc":{"start":{"line":378,"column":19},"end":{"line":378,"column":50}},"type":"cond-expr","locations":[{"start":{"line":378,"column":36},"end":{"line":378,"column":42}},{"start":{"line":378,"column":45},"end":{"line":378,"column":50}}],"line":378},"94":{"loc":{"start":{"line":389,"column":6},"end":{"line":392,"column":7}},"type":"if","locations":[{"start":{"line":389,"column":6},"end":{"line":392,"column":7}},{"start":{"line":389,"column":6},"end":{"line":392,"column":7}}],"line":389},"95":{"loc":{"start":{"line":401,"column":4},"end":{"line":427,"column":5}},"type":"if","locations":[{"start":{"line":401,"column":4},"end":{"line":427,"column":5}},{"start":{"line":401,"column":4},"end":{"line":427,"column":5}}],"line":401},"96":{"loc":{"start":{"line":404,"column":11},"end":{"line":427,"column":5}},"type":"if","locations":[{"start":{"line":404,"column":11},"end":{"line":427,"column":5}},{"start":{"line":404,"column":11},"end":{"line":427,"column":5}}],"line":404},"97":{"loc":{"start":{"line":404,"column":15},"end":{"line":404,"column":178}},"type":"binary-expr","locations":[{"start":{"line":404,"column":15},"end":{"line":404,"column":40}},{"start":{"line":404,"column":44},"end":{"line":404,"column":69}},{"start":{"line":404,"column":73},"end":{"line":404,"column":106}},{"start":{"line":404,"column":110},"end":{"line":404,"column":142}},{"start":{"line":404,"column":146},"end":{"line":404,"column":178}}],"line":404},"98":{"loc":{"start":{"line":409,"column":15},"end":{"line":409,"column":80}},"type":"cond-expr","locations":[{"start":{"line":409,"column":49},"end":{"line":409,"column":63}},{"start":{"line":409,"column":66},"end":{"line":409,"column":80}}],"line":409},"99":{"loc":{"start":{"line":410,"column":15},"end":{"line":410,"column":80}},"type":"cond-expr","locations":[{"start":{"line":410,"column":49},"end":{"line":410,"column":63}},{"start":{"line":410,"column":66},"end":{"line":410,"column":80}}],"line":410},"100":{"loc":{"start":{"line":411,"column":14},"end":{"line":411,"column":136}},"type":"cond-expr","locations":[{"start":{"line":411,"column":32},"end":{"line":411,"column":81}},{"start":{"line":411,"column":86},"end":{"line":411,"column":135}}],"line":411},"101":{"loc":{"start":{"line":411,"column":32},"end":{"line":411,"column":81}},"type":"cond-expr","locations":[{"start":{"line":411,"column":66},"end":{"line":411,"column":72}},{"start":{"line":411,"column":75},"end":{"line":411,"column":81}}],"line":411},"102":{"loc":{"start":{"line":411,"column":86},"end":{"line":411,"column":135}},"type":"cond-expr","locations":[{"start":{"line":411,"column":120},"end":{"line":411,"column":126}},{"start":{"line":411,"column":129},"end":{"line":411,"column":135}}],"line":411},"103":{"loc":{"start":{"line":412,"column":26},"end":{"line":412,"column":57}},"type":"cond-expr","locations":[{"start":{"line":412,"column":43},"end":{"line":412,"column":49}},{"start":{"line":412,"column":52},"end":{"line":412,"column":57}}],"line":412},"104":{"loc":{"start":{"line":413,"column":16},"end":{"line":413,"column":39}},"type":"cond-expr","locations":[{"start":{"line":413,"column":33},"end":{"line":413,"column":34}},{"start":{"line":413,"column":37},"end":{"line":413,"column":39}}],"line":413},"105":{"loc":{"start":{"line":413,"column":65},"end":{"line":413,"column":88}},"type":"cond-expr","locations":[{"start":{"line":413,"column":82},"end":{"line":413,"column":83}},{"start":{"line":413,"column":86},"end":{"line":413,"column":88}}],"line":413},"106":{"loc":{"start":{"line":422,"column":6},"end":{"line":425,"column":7}},"type":"if","locations":[{"start":{"line":422,"column":6},"end":{"line":425,"column":7}},{"start":{"line":422,"column":6},"end":{"line":425,"column":7}}],"line":422},"107":{"loc":{"start":{"line":434,"column":4},"end":{"line":459,"column":5}},"type":"if","locations":[{"start":{"line":434,"column":4},"end":{"line":459,"column":5}},{"start":{"line":434,"column":4},"end":{"line":459,"column":5}}],"line":434},"108":{"loc":{"start":{"line":437,"column":11},"end":{"line":459,"column":5}},"type":"if","locations":[{"start":{"line":437,"column":11},"end":{"line":459,"column":5}},{"start":{"line":437,"column":11},"end":{"line":459,"column":5}}],"line":437},"109":{"loc":{"start":{"line":437,"column":15},"end":{"line":437,"column":210}},"type":"binary-expr","locations":[{"start":{"line":437,"column":15},"end":{"line":437,"column":40}},{"start":{"line":437,"column":44},"end":{"line":437,"column":69}},{"start":{"line":437,"column":73},"end":{"line":437,"column":101}},{"start":{"line":437,"column":105},"end":{"line":437,"column":138}},{"start":{"line":437,"column":142},"end":{"line":437,"column":174}},{"start":{"line":437,"column":178},"end":{"line":437,"column":210}}],"line":437},"110":{"loc":{"start":{"line":443,"column":14},"end":{"line":443,"column":44}},"type":"cond-expr","locations":[{"start":{"line":443,"column":31},"end":{"line":443,"column":36}},{"start":{"line":443,"column":39},"end":{"line":443,"column":44}}],"line":443},"111":{"loc":{"start":{"line":444,"column":17},"end":{"line":444,"column":48}},"type":"cond-expr","locations":[{"start":{"line":444,"column":34},"end":{"line":444,"column":40}},{"start":{"line":444,"column":43},"end":{"line":444,"column":48}}],"line":444},"112":{"loc":{"start":{"line":445,"column":16},"end":{"line":445,"column":39}},"type":"cond-expr","locations":[{"start":{"line":445,"column":33},"end":{"line":445,"column":34}},{"start":{"line":445,"column":37},"end":{"line":445,"column":39}}],"line":445},"113":{"loc":{"start":{"line":445,"column":65},"end":{"line":445,"column":88}},"type":"cond-expr","locations":[{"start":{"line":445,"column":82},"end":{"line":445,"column":83}},{"start":{"line":445,"column":86},"end":{"line":445,"column":88}}],"line":445},"114":{"loc":{"start":{"line":454,"column":6},"end":{"line":457,"column":7}},"type":"if","locations":[{"start":{"line":454,"column":6},"end":{"line":457,"column":7}},{"start":{"line":454,"column":6},"end":{"line":457,"column":7}}],"line":454},"115":{"loc":{"start":{"line":466,"column":4},"end":{"line":510,"column":5}},"type":"if","locations":[{"start":{"line":466,"column":4},"end":{"line":510,"column":5}},{"start":{"line":466,"column":4},"end":{"line":510,"column":5}}],"line":466},"116":{"loc":{"start":{"line":469,"column":11},"end":{"line":510,"column":5}},"type":"if","locations":[{"start":{"line":469,"column":11},"end":{"line":510,"column":5}},{"start":{"line":469,"column":11},"end":{"line":510,"column":5}}],"line":469},"117":{"loc":{"start":{"line":469,"column":15},"end":{"line":469,"column":173}},"type":"binary-expr","locations":[{"start":{"line":469,"column":15},"end":{"line":469,"column":40}},{"start":{"line":469,"column":44},"end":{"line":469,"column":69}},{"start":{"line":469,"column":73},"end":{"line":469,"column":101}},{"start":{"line":469,"column":105},"end":{"line":469,"column":137}},{"start":{"line":469,"column":141},"end":{"line":469,"column":173}}],"line":469},"118":{"loc":{"start":{"line":470,"column":6},"end":{"line":503,"column":7}},"type":"if","locations":[{"start":{"line":470,"column":6},"end":{"line":503,"column":7}},{"start":{"line":470,"column":6},"end":{"line":503,"column":7}}],"line":470},"119":{"loc":{"start":{"line":476,"column":16},"end":{"line":476,"column":46}},"type":"cond-expr","locations":[{"start":{"line":476,"column":33},"end":{"line":476,"column":38}},{"start":{"line":476,"column":41},"end":{"line":476,"column":46}}],"line":476},"120":{"loc":{"start":{"line":478,"column":18},"end":{"line":478,"column":41}},"type":"cond-expr","locations":[{"start":{"line":478,"column":35},"end":{"line":478,"column":36}},{"start":{"line":478,"column":39},"end":{"line":478,"column":41}}],"line":478},"121":{"loc":{"start":{"line":478,"column":67},"end":{"line":478,"column":90}},"type":"cond-expr","locations":[{"start":{"line":478,"column":84},"end":{"line":478,"column":85}},{"start":{"line":478,"column":88},"end":{"line":478,"column":90}}],"line":478},"122":{"loc":{"start":{"line":493,"column":16},"end":{"line":493,"column":46}},"type":"cond-expr","locations":[{"start":{"line":493,"column":33},"end":{"line":493,"column":38}},{"start":{"line":493,"column":41},"end":{"line":493,"column":46}}],"line":493},"123":{"loc":{"start":{"line":495,"column":18},"end":{"line":495,"column":41}},"type":"cond-expr","locations":[{"start":{"line":495,"column":35},"end":{"line":495,"column":36}},{"start":{"line":495,"column":39},"end":{"line":495,"column":41}}],"line":495},"124":{"loc":{"start":{"line":495,"column":67},"end":{"line":495,"column":90}},"type":"cond-expr","locations":[{"start":{"line":495,"column":84},"end":{"line":495,"column":85}},{"start":{"line":495,"column":88},"end":{"line":495,"column":90}}],"line":495},"125":{"loc":{"start":{"line":505,"column":6},"end":{"line":508,"column":7}},"type":"if","locations":[{"start":{"line":505,"column":6},"end":{"line":508,"column":7}},{"start":{"line":505,"column":6},"end":{"line":508,"column":7}}],"line":505},"126":{"loc":{"start":{"line":517,"column":4},"end":{"line":542,"column":5}},"type":"if","locations":[{"start":{"line":517,"column":4},"end":{"line":542,"column":5}},{"start":{"line":517,"column":4},"end":{"line":542,"column":5}}],"line":517},"127":{"loc":{"start":{"line":520,"column":11},"end":{"line":542,"column":5}},"type":"if","locations":[{"start":{"line":520,"column":11},"end":{"line":542,"column":5}},{"start":{"line":520,"column":11},"end":{"line":542,"column":5}}],"line":520},"128":{"loc":{"start":{"line":520,"column":15},"end":{"line":520,"column":141}},"type":"binary-expr","locations":[{"start":{"line":520,"column":15},"end":{"line":520,"column":40}},{"start":{"line":520,"column":44},"end":{"line":520,"column":69}},{"start":{"line":520,"column":73},"end":{"line":520,"column":105}},{"start":{"line":520,"column":109},"end":{"line":520,"column":141}}],"line":520},"129":{"loc":{"start":{"line":522,"column":17},"end":{"line":522,"column":65}},"type":"cond-expr","locations":[{"start":{"line":522,"column":34},"end":{"line":522,"column":48}},{"start":{"line":522,"column":51},"end":{"line":522,"column":65}}],"line":522},"130":{"loc":{"start":{"line":526,"column":14},"end":{"line":526,"column":102}},"type":"cond-expr","locations":[{"start":{"line":526,"column":32},"end":{"line":526,"column":64}},{"start":{"line":526,"column":69},"end":{"line":526,"column":101}}],"line":526},"131":{"loc":{"start":{"line":526,"column":32},"end":{"line":526,"column":64}},"type":"cond-expr","locations":[{"start":{"line":526,"column":49},"end":{"line":526,"column":55}},{"start":{"line":526,"column":58},"end":{"line":526,"column":64}}],"line":526},"132":{"loc":{"start":{"line":526,"column":69},"end":{"line":526,"column":101}},"type":"cond-expr","locations":[{"start":{"line":526,"column":86},"end":{"line":526,"column":92}},{"start":{"line":526,"column":95},"end":{"line":526,"column":101}}],"line":526},"133":{"loc":{"start":{"line":528,"column":16},"end":{"line":528,"column":39}},"type":"cond-expr","locations":[{"start":{"line":528,"column":33},"end":{"line":528,"column":34}},{"start":{"line":528,"column":37},"end":{"line":528,"column":39}}],"line":528},"134":{"loc":{"start":{"line":528,"column":65},"end":{"line":528,"column":88}},"type":"cond-expr","locations":[{"start":{"line":528,"column":82},"end":{"line":528,"column":83}},{"start":{"line":528,"column":86},"end":{"line":528,"column":88}}],"line":528},"135":{"loc":{"start":{"line":537,"column":6},"end":{"line":540,"column":7}},"type":"if","locations":[{"start":{"line":537,"column":6},"end":{"line":540,"column":7}},{"start":{"line":537,"column":6},"end":{"line":540,"column":7}}],"line":537},"136":{"loc":{"start":{"line":549,"column":4},"end":{"line":563,"column":5}},"type":"if","locations":[{"start":{"line":549,"column":4},"end":{"line":563,"column":5}},{"start":{"line":549,"column":4},"end":{"line":563,"column":5}}],"line":549},"137":{"loc":{"start":{"line":552,"column":11},"end":{"line":563,"column":5}},"type":"if","locations":[{"start":{"line":552,"column":11},"end":{"line":563,"column":5}},{"start":{"line":552,"column":11},"end":{"line":563,"column":5}}],"line":552},"138":{"loc":{"start":{"line":554,"column":15},"end":{"line":554,"column":46}},"type":"cond-expr","locations":[{"start":{"line":554,"column":32},"end":{"line":554,"column":38}},{"start":{"line":554,"column":41},"end":{"line":554,"column":46}}],"line":554},"139":{"loc":{"start":{"line":555,"column":14},"end":{"line":555,"column":102}},"type":"cond-expr","locations":[{"start":{"line":555,"column":32},"end":{"line":555,"column":64}},{"start":{"line":555,"column":69},"end":{"line":555,"column":101}}],"line":555},"140":{"loc":{"start":{"line":555,"column":32},"end":{"line":555,"column":64}},"type":"cond-expr","locations":[{"start":{"line":555,"column":49},"end":{"line":555,"column":55}},{"start":{"line":555,"column":58},"end":{"line":555,"column":64}}],"line":555},"141":{"loc":{"start":{"line":555,"column":69},"end":{"line":555,"column":101}},"type":"cond-expr","locations":[{"start":{"line":555,"column":86},"end":{"line":555,"column":92}},{"start":{"line":555,"column":95},"end":{"line":555,"column":101}}],"line":555},"142":{"loc":{"start":{"line":560,"column":16},"end":{"line":560,"column":39}},"type":"cond-expr","locations":[{"start":{"line":560,"column":33},"end":{"line":560,"column":34}},{"start":{"line":560,"column":37},"end":{"line":560,"column":39}}],"line":560},"143":{"loc":{"start":{"line":573,"column":4},"end":{"line":580,"column":5}},"type":"if","locations":[{"start":{"line":573,"column":4},"end":{"line":580,"column":5}},{"start":{"line":573,"column":4},"end":{"line":580,"column":5}}],"line":573},"144":{"loc":{"start":{"line":574,"column":6},"end":{"line":579,"column":7}},"type":"if","locations":[{"start":{"line":574,"column":6},"end":{"line":579,"column":7}},{"start":{"line":574,"column":6},"end":{"line":579,"column":7}}],"line":574},"145":{"loc":{"start":{"line":574,"column":10},"end":{"line":574,"column":59}},"type":"binary-expr","locations":[{"start":{"line":574,"column":10},"end":{"line":574,"column":42}},{"start":{"line":574,"column":46},"end":{"line":574,"column":59}}],"line":574},"146":{"loc":{"start":{"line":577,"column":11},"end":{"line":579,"column":7}},"type":"if","locations":[{"start":{"line":577,"column":11},"end":{"line":579,"column":7}},{"start":{"line":577,"column":11},"end":{"line":579,"column":7}}],"line":577},"147":{"loc":{"start":{"line":577,"column":15},"end":{"line":577,"column":66}},"type":"binary-expr","locations":[{"start":{"line":577,"column":15},"end":{"line":577,"column":48}},{"start":{"line":577,"column":52},"end":{"line":577,"column":66}}],"line":577},"148":{"loc":{"start":{"line":588,"column":4},"end":{"line":592,"column":5}},"type":"if","locations":[{"start":{"line":588,"column":4},"end":{"line":592,"column":5}},{"start":{"line":588,"column":4},"end":{"line":592,"column":5}}],"line":588},"149":{"loc":{"start":{"line":588,"column":8},"end":{"line":588,"column":51}},"type":"binary-expr","locations":[{"start":{"line":588,"column":8},"end":{"line":588,"column":27}},{"start":{"line":588,"column":31},"end":{"line":588,"column":51}}],"line":588},"150":{"loc":{"start":{"line":589,"column":6},"end":{"line":591,"column":7}},"type":"if","locations":[{"start":{"line":589,"column":6},"end":{"line":591,"column":7}},{"start":{"line":589,"column":6},"end":{"line":591,"column":7}}],"line":589},"151":{"loc":{"start":{"line":600,"column":2},"end":{"line":639,"column":3}},"type":"if","locations":[{"start":{"line":600,"column":2},"end":{"line":639,"column":3}},{"start":{"line":600,"column":2},"end":{"line":639,"column":3}}],"line":600},"152":{"loc":{"start":{"line":601,"column":4},"end":{"line":627,"column":5}},"type":"if","locations":[{"start":{"line":601,"column":4},"end":{"line":627,"column":5}},{"start":{"line":601,"column":4},"end":{"line":627,"column":5}}],"line":601},"153":{"loc":{"start":{"line":602,"column":6},"end":{"line":623,"column":7}},"type":"if","locations":[{"start":{"line":602,"column":6},"end":{"line":623,"column":7}},{"start":{"line":602,"column":6},"end":{"line":623,"column":7}}],"line":602},"154":{"loc":{"start":{"line":603,"column":8},"end":{"line":611,"column":9}},"type":"if","locations":[{"start":{"line":603,"column":8},"end":{"line":611,"column":9}},{"start":{"line":603,"column":8},"end":{"line":611,"column":9}}],"line":603},"155":{"loc":{"start":{"line":603,"column":11},"end":{"line":603,"column":61}},"type":"binary-expr","locations":[{"start":{"line":603,"column":11},"end":{"line":603,"column":34}},{"start":{"line":603,"column":38},"end":{"line":603,"column":61}}],"line":603},"156":{"loc":{"start":{"line":606,"column":13},"end":{"line":611,"column":9}},"type":"if","locations":[{"start":{"line":606,"column":13},"end":{"line":611,"column":9}},{"start":{"line":606,"column":13},"end":{"line":611,"column":9}}],"line":606},"157":{"loc":{"start":{"line":609,"column":13},"end":{"line":611,"column":9}},"type":"if","locations":[{"start":{"line":609,"column":13},"end":{"line":611,"column":9}},{"start":{"line":609,"column":13},"end":{"line":611,"column":9}}],"line":609},"158":{"loc":{"start":{"line":614,"column":8},"end":{"line":622,"column":9}},"type":"if","locations":[{"start":{"line":614,"column":8},"end":{"line":622,"column":9}},{"start":{"line":614,"column":8},"end":{"line":622,"column":9}}],"line":614},"159":{"loc":{"start":{"line":614,"column":11},"end":{"line":614,"column":61}},"type":"binary-expr","locations":[{"start":{"line":614,"column":11},"end":{"line":614,"column":34}},{"start":{"line":614,"column":38},"end":{"line":614,"column":61}}],"line":614},"160":{"loc":{"start":{"line":617,"column":13},"end":{"line":622,"column":9}},"type":"if","locations":[{"start":{"line":617,"column":13},"end":{"line":622,"column":9}},{"start":{"line":617,"column":13},"end":{"line":622,"column":9}}],"line":617},"161":{"loc":{"start":{"line":620,"column":13},"end":{"line":622,"column":9}},"type":"if","locations":[{"start":{"line":620,"column":13},"end":{"line":622,"column":9}},{"start":{"line":620,"column":13},"end":{"line":622,"column":9}}],"line":620},"162":{"loc":{"start":{"line":629,"column":7},"end":{"line":639,"column":3}},"type":"if","locations":[{"start":{"line":629,"column":7},"end":{"line":639,"column":3}},{"start":{"line":629,"column":7},"end":{"line":639,"column":3}}],"line":629},"163":{"loc":{"start":{"line":630,"column":4},"end":{"line":638,"column":5}},"type":"if","locations":[{"start":{"line":630,"column":4},"end":{"line":638,"column":5}},{"start":{"line":630,"column":4},"end":{"line":638,"column":5}}],"line":630},"164":{"loc":{"start":{"line":630,"column":7},"end":{"line":630,"column":57}},"type":"binary-expr","locations":[{"start":{"line":630,"column":7},"end":{"line":630,"column":30}},{"start":{"line":630,"column":34},"end":{"line":630,"column":57}}],"line":630},"165":{"loc":{"start":{"line":633,"column":9},"end":{"line":638,"column":5}},"type":"if","locations":[{"start":{"line":633,"column":9},"end":{"line":638,"column":5}},{"start":{"line":633,"column":9},"end":{"line":638,"column":5}}],"line":633},"166":{"loc":{"start":{"line":636,"column":9},"end":{"line":638,"column":5}},"type":"if","locations":[{"start":{"line":636,"column":9},"end":{"line":638,"column":5}},{"start":{"line":636,"column":9},"end":{"line":638,"column":5}}],"line":636}},"s":{"0":65,"1":3,"2":62,"3":3,"4":59,"5":59,"6":59,"7":59,"8":59,"9":59,"10":59,"11":59,"12":27,"13":59,"14":59,"15":59,"16":59,"17":3,"18":3,"19":3,"20":3,"21":3,"22":3,"23":3,"24":3,"25":3,"26":3,"27":3,"28":3,"29":3,"30":3,"31":3,"32":3,"33":3,"34":3,"35":3,"36":3,"37":3,"38":3,"39":3,"40":3,"41":0,"42":3,"43":0,"44":0,"45":3,"46":3,"47":3,"48":3,"49":0,"50":0,"51":3,"52":60,"53":23,"54":84,"55":36,"56":0,"57":0,"58":0,"59":0,"60":0,"61":0,"62":0,"63":16,"64":16,"65":0,"66":0,"67":14,"68":14,"69":14,"70":0,"71":0,"72":14,"73":14,"74":14,"75":0,"76":0,"77":0,"78":0,"79":0,"80":0,"81":0,"82":0,"83":0,"84":3,"85":3,"86":3,"87":3,"88":5,"89":1,"90":1,"91":1,"92":0,"93":4,"94":4,"95":5,"96":5,"97":5,"98":0,"99":0,"100":0,"101":0,"102":0,"103":0,"104":0,"105":0,"106":3,"107":0,"108":3,"109":8,"110":4,"111":4,"112":4,"113":8,"114":0,"115":8,"116":0,"117":0,"118":0,"119":0,"120":0,"121":0,"122":0,"123":0,"124":0,"125":0,"126":5,"127":5,"128":5,"129":4,"130":2,"131":2,"132":1,"133":1,"134":1,"135":1,"136":1,"137":38,"138":38,"139":38,"140":106,"141":106,"142":108,"143":38,"144":38,"145":38,"146":38,"147":38,"148":119,"149":38,"150":38,"151":81,"152":31,"153":31,"154":31,"155":31,"156":31,"157":31,"158":50,"159":26,"160":26,"161":50,"162":38,"163":38,"164":38,"165":88,"166":38,"167":38,"168":50,"169":6,"170":2,"171":2,"172":2,"173":2,"174":2,"175":2,"176":4,"177":1,"178":1,"179":1,"180":1,"181":1,"182":1,"183":3,"184":3,"185":3,"186":3,"187":3,"188":3,"189":3,"190":44,"191":5,"192":3,"193":3,"194":3,"195":3,"196":3,"197":3,"198":2,"199":2,"200":2,"201":2,"202":2,"203":2,"204":2,"205":39,"206":26,"207":26,"208":39,"209":38,"210":38,"211":38,"212":79,"213":38,"214":38,"215":41,"216":8,"217":8,"218":8,"219":8,"220":8,"221":8,"222":33,"223":20,"224":20,"225":33,"226":38,"227":38,"228":38,"229":68,"230":38,"231":38,"232":30,"233":4,"234":4,"235":4,"236":4,"237":4,"238":4,"239":26,"240":15,"241":15,"242":26,"243":38,"244":38,"245":38,"246":64,"247":38,"248":38,"249":26,"250":2,"251":1,"252":1,"253":1,"254":1,"255":1,"256":1,"257":1,"258":1,"259":1,"260":1,"261":1,"262":1,"263":24,"264":14,"265":14,"266":24,"267":38,"268":38,"269":38,"270":59,"271":38,"272":38,"273":21,"274":4,"275":4,"276":4,"277":4,"278":4,"279":4,"280":17,"281":9,"282":9,"283":17,"284":38,"285":38,"286":38,"287":86,"288":38,"289":38,"290":48,"291":10,"292":48,"293":38,"294":1,"295":1,"296":3,"297":2,"298":1,"299":1,"300":1,"301":1,"302":2,"303":2,"304":4,"305":2,"306":1,"307":2,"308":10,"309":17,"310":10,"311":17,"312":10,"313":6,"314":13,"315":5,"316":10,"317":2,"318":1,"319":1,"320":1,"321":0,"322":0,"323":3,"324":2,"325":1,"326":0,"327":1,"328":1,"329":1,"330":4,"331":4,"332":2,"333":2,"334":1,"335":1,"336":0,"337":1},"f":{"0":65,"1":3,"2":60,"3":23,"4":84,"5":36,"6":0,"7":16,"8":14,"9":14,"10":14,"11":14,"12":0,"13":3,"14":8,"15":0,"16":5,"17":38,"18":1,"19":2,"20":10,"21":17,"22":17,"23":13,"24":10},"b":{"0":[3,62],"1":[3,59],"2":[27,32],"3":[0,3],"4":[3,3],"5":[0,3],"6":[3,0],"7":[16,0],"8":[15,1],"9":[0,0],"10":[0,0],"11":[14,0],"12":[14,0],"13":[14,0],"14":[0,0],"15":[0,0],"16":[14,0],"17":[14,0],"18":[14,0],"19":[0,0],"20":[0,0],"21":[8,6],"22":[1,4],"23":[1,0],"24":[0,1],"25":[0,5],"26":[0,0],"27":[0,0],"28":[0,0],"29":[0,0],"30":[0,0],"31":[0,0],"32":[0,3],"33":[4,4],"34":[4,0],"35":[0,8],"36":[0,0],"37":[0,0],"38":[0,0],"39":[0,0],"40":[0,0],"41":[0,0],"42":[4,1],"43":[2,2],"44":[4,2],"45":[1,1],"46":[1,0],"47":[1,0],"48":[4,210],"49":[38,81],"50":[31,50],"51":[81,81,61,45,31],"52":[18,13],"53":[18,13],"54":[13,18],"55":[13,18],"56":[18,13],"57":[26,24],"58":[38,50],"59":[6,44],"60":[50,10,10,6,6,6],"61":[2,4],"62":[6,2],"63":[2,1],"64":[1,1],"65":[2,1],"66":[1,3],"67":[4,1],"68":[1,1],"69":[1,0],"70":[1,1],"71":[3,0],"72":[3,3],"73":[3,0],"74":[0,3],"75":[3,2],"76":[2,1],"77":[3,2],"78":[5,39],"79":[44,40,8,8,8],"80":[3,2],"81":[5,3],"82":[3,2],"83":[2,1],"84":[3,2],"85":[2,1],"86":[2,0],"87":[2,2],"88":[2,0],"89":[0,2],"90":[2,1],"91":[1,1],"92":[2,1],"93":[1,1],"94":[26,13],"95":[38,41],"96":[8,33],"97":[41,32,32,22,14],"98":[4,4],"99":[4,4],"100":[4,4],"101":[2,2],"102":[2,2],"103":[4,4],"104":[4,4],"105":[4,4],"106":[20,13],"107":[38,30],"108":[4,26],"109":[30,21,21,10,5,5],"110":[3,1],"111":[1,3],"112":[1,3],"113":[3,1],"114":[15,11],"115":[38,26],"116":[2,24],"117":[26,16,16,10,5],"118":[1,1],"119":[1,0],"120":[1,0],"121":[1,0],"122":[0,1],"123":[0,1],"124":[0,1],"125":[14,10],"126":[38,21],"127":[4,17],"128":[21,9,9,4],"129":[3,1],"130":[3,1],"131":[3,0],"132":[1,0],"133":[3,1],"134":[1,3],"135":[9,8],"136":[38,48],"137":[10,38],"138":[7,3],"139":[8,2],"140":[6,2],"141":[1,1],"142":[8,2],"143":[2,1],"144":[1,1],"145":[2,1],"146":[1,0],"147":[1,1],"148":[2,2],"149":[4,2],"150":[1,1],"151":[6,4],"152":[5,1],"153":[2,3],"154":[1,1],"155":[2,2],"156":[1,0],"157":[0,0],"158":[2,1],"159":[3,3],"160":[0,1],"161":[1,0],"162":[4,0],"163":[2,2],"164":[4,4],"165":[1,1],"166":[0,1]},"_coverageSchema":"43e27e138ebf9cfc5966b082cf9a028302ed4184","hash":"124294708ab7fb6e29d5d3400ee7b692d382894d"}
,"C:\\Users\\jawpa\\Desktop\\res\\doc\\code\\OutsmartOptions\\src\\jsLib\\treasuryLibrary.js": {"path":"C:\\Users\\jawpa\\Desktop\\res\\doc\\code\\OutsmartOptions\\src\\jsLib\\treasuryLibrary.js","statementMap":{"0":{"start":{"line":6,"column":2},"end":{"line":8,"column":3}},"1":{"start":{"line":7,"column":4},"end":{"line":7,"column":14}},"2":{"start":{"line":9,"column":2},"end":{"line":11,"column":3}},"3":{"start":{"line":10,"column":4},"end":{"line":10,"column":15}},"4":{"start":{"line":13,"column":2},"end":{"line":13,"column":11}},"5":{"start":{"line":17,"column":24},"end":{"line":17,"column":25}},"6":{"start":{"line":18,"column":2},"end":{"line":20,"column":3}},"7":{"start":{"line":19,"column":4},"end":{"line":19,"column":97}},"8":{"start":{"line":21,"column":2},"end":{"line":21,"column":25}},"9":{"start":{"line":25,"column":2},"end":{"line":25,"column":142}},"10":{"start":{"line":25,"column":28},"end":{"line":25,"column":139}},"11":{"start":{"line":29,"column":2},"end":{"line":31,"column":3}},"12":{"start":{"line":30,"column":4},"end":{"line":30,"column":13}},"13":{"start":{"line":33,"column":2},"end":{"line":33,"column":27}},"14":{"start":{"line":36,"column":2},"end":{"line":38,"column":3}},"15":{"start":{"line":37,"column":4},"end":{"line":37,"column":69}},"16":{"start":{"line":39,"column":2},"end":{"line":43,"column":3}},"17":{"start":{"line":39,"column":15},"end":{"line":39,"column":16}},"18":{"start":{"line":40,"column":4},"end":{"line":42,"column":5}},"19":{"start":{"line":41,"column":6},"end":{"line":41,"column":104}},"20":{"start":{"line":44,"column":2},"end":{"line":44,"column":11}}},"fnMap":{"0":{"name":"getInt","decl":{"start":{"line":5,"column":16},"end":{"line":5,"column":22}},"loc":{"start":{"line":5,"column":31},"end":{"line":14,"column":1}},"line":5},"1":{"name":"getClose","decl":{"start":{"line":16,"column":16},"end":{"line":16,"column":24}},"loc":{"start":{"line":16,"column":69},"end":{"line":22,"column":1}},"line":16},"2":{"name":"getDays","decl":{"start":{"line":24,"column":16},"end":{"line":24,"column":23}},"loc":{"start":{"line":24,"column":32},"end":{"line":26,"column":1}},"line":24},"3":{"name":"(anonymous_3)","decl":{"start":{"line":25,"column":20},"end":{"line":25,"column":21}},"loc":{"start":{"line":25,"column":28},"end":{"line":25,"column":139}},"line":25},"4":{"name":"getRightYield","decl":{"start":{"line":28,"column":16},"end":{"line":28,"column":29}},"loc":{"start":{"line":28,"column":50},"end":{"line":45,"column":1}},"line":28}},"branchMap":{"0":{"loc":{"start":{"line":6,"column":2},"end":{"line":8,"column":3}},"type":"if","locations":[{"start":{"line":6,"column":2},"end":{"line":8,"column":3}},{"start":{"line":6,"column":2},"end":{"line":8,"column":3}}],"line":6},"1":{"loc":{"start":{"line":9,"column":2},"end":{"line":11,"column":3}},"type":"if","locations":[{"start":{"line":9,"column":2},"end":{"line":11,"column":3}},{"start":{"line":9,"column":2},"end":{"line":11,"column":3}}],"line":9},"2":{"loc":{"start":{"line":18,"column":2},"end":{"line":20,"column":3}},"type":"if","locations":[{"start":{"line":18,"column":2},"end":{"line":20,"column":3}},{"start":{"line":18,"column":2},"end":{"line":20,"column":3}}],"line":18},"3":{"loc":{"start":{"line":25,"column":68},"end":{"line":25,"column":136}},"type":"cond-expr","locations":[{"start":{"line":25,"column":108},"end":{"line":25,"column":132}},{"start":{"line":25,"column":135},"end":{"line":25,"column":136}}],"line":25},"4":{"loc":{"start":{"line":29,"column":2},"end":{"line":31,"column":3}},"type":"if","locations":[{"start":{"line":29,"column":2},"end":{"line":31,"column":3}},{"start":{"line":29,"column":2},"end":{"line":31,"column":3}}],"line":29},"5":{"loc":{"start":{"line":29,"column":6},"end":{"line":29,"column":65}},"type":"binary-expr","locations":[{"start":{"line":29,"column":6},"end":{"line":29,"column":24}},{"start":{"line":29,"column":28},"end":{"line":29,"column":47}},{"start":{"line":29,"column":51},"end":{"line":29,"column":65}}],"line":29},"6":{"loc":{"start":{"line":36,"column":2},"end":{"line":38,"column":3}},"type":"if","locations":[{"start":{"line":36,"column":2},"end":{"line":38,"column":3}},{"start":{"line":36,"column":2},"end":{"line":38,"column":3}}],"line":36},"7":{"loc":{"start":{"line":40,"column":4},"end":{"line":42,"column":5}},"type":"if","locations":[{"start":{"line":40,"column":4},"end":{"line":42,"column":5}},{"start":{"line":40,"column":4},"end":{"line":42,"column":5}}],"line":40},"8":{"loc":{"start":{"line":40,"column":8},"end":{"line":40,"column":71}},"type":"binary-expr","locations":[{"start":{"line":40,"column":8},"end":{"line":40,"column":35}},{"start":{"line":40,"column":39},"end":{"line":40,"column":71}}],"line":40}},"s":{"0":53,"1":21,"2":32,"3":31,"4":1,"5":5,"6":5,"7":5,"8":5,"9":5,"10":50,"11":4,"12":0,"13":4,"14":4,"15":2,"16":2,"17":2,"18":2,"19":2,"20":0},"f":{"0":53,"1":5,"2":5,"3":50,"4":4},"b":{"0":[21,32],"1":[31,1],"2":[5,0],"3":[50,0],"4":[0,4],"5":[4,4,4],"6":[2,2],"7":[2,0],"8":[2,2]},"_coverageSchema":"43e27e138ebf9cfc5966b082cf9a028302ed4184","hash":"0083662c95fdbbe083005dd0186741f667945cba"}
}
