TN:
SF:C:\Users\jawpa\Desktop\res\doc\code\OutsmartOptions\src\jsLib\optionsMathLibrary.js
FN:1,cndf
FN:28,cndfInv
FN:66,ndf
FN:70,loss
FN:74,d1
FN:78,d2
FN:82,getRangeOfPrices
FN:93,delta
FN:102,gamma
FN:106,theta
FN:121,vega
FN:125,rho
FN:134,calculateGreeks
FN:145,calculateIV
FN:184,calculateOptionsPrice
FN:197,calculateProfitAtExpiry
FN:215,collateralAnalysis
FN:238,extractStrategies
FN:570,assignmentRiskAnalysis
FN:585,nakedLegsAnalysis
FN:597,nameStrategy
FN:598,(anonymous_21)
FN:599,(anonymous_22)
FN:601,(anonymous_23)
FN:602,(anonymous_24)
FNF:25
FNH:22
FNDA:65,cndf
FNDA:3,cndfInv
FNDA:60,ndf
FNDA:23,loss
FNDA:84,d1
FNDA:36,d2
FNDA:0,getRangeOfPrices
FNDA:16,delta
FNDA:14,gamma
FNDA:14,theta
FNDA:14,vega
FNDA:14,rho
FNDA:0,calculateGreeks
FNDA:3,calculateIV
FNDA:8,calculateOptionsPrice
FNDA:0,calculateProfitAtExpiry
FNDA:5,collateralAnalysis
FNDA:38,extractStrategies
FNDA:1,assignmentRiskAnalysis
FNDA:2,nakedLegsAnalysis
FNDA:10,nameStrategy
FNDA:17,(anonymous_21)
FNDA:17,(anonymous_22)
FNDA:13,(anonymous_23)
FNDA:10,(anonymous_24)
DA:2,65
DA:3,3
DA:5,62
DA:6,3
DA:9,59
DA:10,59
DA:11,59
DA:12,59
DA:13,59
DA:14,59
DA:17,59
DA:18,59
DA:19,59
DA:22,59
DA:23,59
DA:25,59
DA:29,3
DA:30,3
DA:31,3
DA:32,3
DA:33,3
DA:34,3
DA:35,3
DA:36,3
DA:37,3
DA:38,3
DA:39,3
DA:40,3
DA:41,3
DA:42,3
DA:43,3
DA:44,3
DA:49,3
DA:50,0
DA:51,3
DA:52,0
DA:53,0
DA:54,3
DA:55,3
DA:56,3
DA:57,3
DA:59,0
DA:60,0
DA:63,3
DA:67,60
DA:71,23
DA:75,84
DA:79,36
DA:83,0
DA:84,0
DA:85,0
DA:86,0
DA:87,0
DA:89,0
DA:94,16
DA:95,16
DA:97,0
DA:98,0
DA:103,14
DA:107,14
DA:108,14
DA:113,0
DA:114,0
DA:122,14
DA:126,14
DA:127,14
DA:129,0
DA:130,0
DA:135,0
DA:136,0
DA:137,0
DA:138,0
DA:139,0
DA:140,0
DA:141,0
DA:146,3
DA:149,3
DA:150,3
DA:151,3
DA:152,5
DA:153,1
DA:154,1
DA:156,1
DA:157,0
DA:160,4
DA:161,4
DA:163,5
DA:164,5
DA:165,5
DA:166,0
DA:167,0
DA:168,0
DA:169,0
DA:170,0
DA:171,0
DA:173,0
DA:175,0
DA:178,3
DA:179,0
DA:181,3
DA:186,8
DA:187,4
DA:188,4
DA:189,4
DA:191,8
DA:192,0
DA:194,8
DA:198,0
DA:199,0
DA:200,0
DA:202,0
DA:203,0
DA:205,0
DA:206,0
DA:207,0
DA:209,0
DA:210,0
DA:216,5
DA:217,5
DA:220,5
DA:221,4
DA:222,2
DA:224,2
DA:225,1
DA:227,1
DA:228,1
DA:229,1
DA:235,1
DA:239,38
DA:240,38
DA:242,38
DA:243,106
DA:244,108
DA:249,38
DA:250,38
DA:251,38
DA:252,38
DA:253,119
DA:254,38
DA:255,38
DA:256,81
DA:257,31
DA:268,31
DA:269,31
DA:270,31
DA:271,31
DA:272,31
DA:274,50
DA:275,26
DA:276,26
DA:278,50
DA:283,38
DA:284,38
DA:285,38
DA:286,88
DA:287,38
DA:288,38
DA:289,50
DA:290,6
DA:292,2
DA:304,2
DA:305,2
DA:306,2
DA:307,2
DA:308,2
DA:309,4
DA:311,1
DA:321,1
DA:322,1
DA:323,1
DA:324,1
DA:325,1
DA:326,3
DA:328,3
DA:340,3
DA:341,3
DA:342,3
DA:343,3
DA:344,3
DA:346,44
DA:347,5
DA:349,3
DA:362,3
DA:363,3
DA:364,3
DA:365,3
DA:366,3
DA:367,2
DA:369,2
DA:382,2
DA:383,2
DA:384,2
DA:385,2
DA:386,2
DA:389,39
DA:390,26
DA:391,26
DA:393,39
DA:398,38
DA:399,38
DA:400,38
DA:401,79
DA:402,38
DA:403,38
DA:404,41
DA:405,8
DA:416,8
DA:417,8
DA:418,8
DA:419,8
DA:420,8
DA:422,33
DA:423,20
DA:424,20
DA:426,33
DA:431,38
DA:432,38
DA:433,38
DA:434,68
DA:435,38
DA:436,38
DA:437,30
DA:438,4
DA:448,4
DA:449,4
DA:450,4
DA:451,4
DA:452,4
DA:454,26
DA:455,15
DA:456,15
DA:458,26
DA:463,38
DA:464,38
DA:465,38
DA:466,64
DA:467,38
DA:468,38
DA:469,26
DA:470,2
DA:472,1
DA:481,1
DA:482,1
DA:483,1
DA:484,1
DA:485,1
DA:488,1
DA:498,1
DA:499,1
DA:500,1
DA:501,1
DA:502,1
DA:505,24
DA:506,14
DA:507,14
DA:509,24
DA:514,38
DA:515,38
DA:516,38
DA:517,59
DA:518,38
DA:519,38
DA:520,21
DA:521,4
DA:531,4
DA:532,4
DA:533,4
DA:534,4
DA:535,4
DA:537,17
DA:538,9
DA:539,9
DA:541,17
DA:546,38
DA:547,38
DA:548,38
DA:549,86
DA:550,38
DA:551,38
DA:552,48
DA:553,10
DA:564,48
DA:567,38
DA:571,1
DA:572,1
DA:573,3
DA:574,2
DA:575,1
DA:577,1
DA:578,1
DA:582,1
DA:586,2
DA:587,2
DA:588,4
DA:589,2
DA:590,1
DA:594,2
DA:598,17
DA:599,17
DA:600,10
DA:601,13
DA:602,10
DA:603,2
DA:604,1
DA:606,1
DA:607,1
DA:609,0
DA:610,0
DA:614,3
DA:615,2
DA:617,1
DA:618,0
DA:620,1
DA:621,1
DA:626,1
DA:629,4
DA:630,4
DA:631,2
DA:633,2
DA:634,1
DA:636,1
DA:637,0
DA:640,1
LF:323
LH:274
BRDA:2,0,0,3
BRDA:2,0,1,62
BRDA:5,1,0,3
BRDA:5,1,1,59
BRDA:18,2,0,27
BRDA:18,2,1,32
BRDA:49,3,0,0
BRDA:49,3,1,3
BRDA:49,4,0,3
BRDA:49,4,1,3
BRDA:51,5,0,0
BRDA:51,5,1,3
BRDA:54,6,0,3
BRDA:54,6,1,0
BRDA:94,7,0,16
BRDA:94,7,1,0
BRDA:95,8,0,15
BRDA:95,8,1,1
BRDA:97,9,0,0
BRDA:97,9,1,0
BRDA:98,10,0,0
BRDA:98,10,1,0
BRDA:103,11,0,14
BRDA:103,11,1,0
BRDA:107,12,0,14
BRDA:107,12,1,0
BRDA:108,13,0,14
BRDA:108,13,1,0
BRDA:113,14,0,0
BRDA:113,14,1,0
BRDA:114,15,0,0
BRDA:114,15,1,0
BRDA:122,16,0,14
BRDA:122,16,1,0
BRDA:126,17,0,14
BRDA:126,17,1,0
BRDA:127,18,0,14
BRDA:127,18,1,0
BRDA:129,19,0,0
BRDA:129,19,1,0
BRDA:130,20,0,0
BRDA:130,20,1,0
BRDA:151,21,0,8
BRDA:151,21,1,6
BRDA:152,22,0,1
BRDA:152,22,1,4
BRDA:153,23,0,1
BRDA:153,23,1,0
BRDA:156,24,0,0
BRDA:156,24,1,1
BRDA:165,25,0,0
BRDA:165,25,1,5
BRDA:167,26,0,0
BRDA:167,26,1,0
BRDA:167,27,0,0
BRDA:167,27,1,0
BRDA:167,28,0,0
BRDA:167,28,1,0
BRDA:167,29,0,0
BRDA:167,29,1,0
BRDA:168,30,0,0
BRDA:168,30,1,0
BRDA:170,31,0,0
BRDA:170,31,1,0
BRDA:178,32,0,0
BRDA:178,32,1,3
BRDA:186,33,0,4
BRDA:186,33,1,4
BRDA:188,34,0,4
BRDA:188,34,1,0
BRDA:191,35,0,0
BRDA:191,35,1,8
BRDA:198,36,0,0
BRDA:198,36,1,0
BRDA:199,37,0,0
BRDA:199,37,1,0
BRDA:202,38,0,0
BRDA:202,38,1,0
BRDA:205,39,0,0
BRDA:205,39,1,0
BRDA:206,40,0,0
BRDA:206,40,1,0
BRDA:209,41,0,0
BRDA:209,41,1,0
BRDA:220,42,0,4
BRDA:220,42,1,1
BRDA:221,43,0,2
BRDA:221,43,1,2
BRDA:221,44,0,4
BRDA:221,44,1,2
BRDA:224,45,0,1
BRDA:224,45,1,1
BRDA:227,46,0,1
BRDA:227,46,1,0
BRDA:228,47,0,1
BRDA:228,47,1,0
BRDA:243,48,0,4
BRDA:243,48,1,210
BRDA:253,49,0,38
BRDA:253,49,1,81
BRDA:256,50,0,31
BRDA:256,50,1,50
BRDA:256,51,0,81
BRDA:256,51,1,81
BRDA:256,51,2,61
BRDA:256,51,3,45
BRDA:256,51,4,31
BRDA:259,52,0,18
BRDA:259,52,1,13
BRDA:260,53,0,18
BRDA:260,53,1,13
BRDA:261,54,0,13
BRDA:261,54,1,18
BRDA:265,55,0,13
BRDA:265,55,1,18
BRDA:265,56,0,18
BRDA:265,56,1,13
BRDA:274,57,0,26
BRDA:274,57,1,24
BRDA:286,58,0,38
BRDA:286,58,1,50
BRDA:289,59,0,6
BRDA:289,59,1,44
BRDA:289,60,0,50
BRDA:289,60,1,10
BRDA:289,60,2,10
BRDA:289,60,3,6
BRDA:289,60,4,6
BRDA:289,60,5,6
BRDA:290,61,0,2
BRDA:290,61,1,4
BRDA:290,62,0,6
BRDA:290,62,1,2
BRDA:298,63,0,2
BRDA:298,63,1,1
BRDA:299,64,0,1
BRDA:299,64,1,1
BRDA:299,65,0,2
BRDA:299,65,1,1
BRDA:309,66,0,1
BRDA:309,66,1,3
BRDA:309,67,0,4
BRDA:309,67,1,1
BRDA:315,68,0,1
BRDA:315,68,1,1
BRDA:316,69,0,1
BRDA:316,69,1,0
BRDA:316,70,0,1
BRDA:316,70,1,1
BRDA:326,71,0,3
BRDA:326,71,1,0
BRDA:326,72,0,3
BRDA:326,72,1,3
BRDA:331,73,0,3
BRDA:331,73,1,0
BRDA:332,74,0,0
BRDA:332,74,1,3
BRDA:334,75,0,3
BRDA:334,75,1,2
BRDA:335,76,0,2
BRDA:335,76,1,1
BRDA:335,77,0,3
BRDA:335,77,1,2
BRDA:346,78,0,5
BRDA:346,78,1,39
BRDA:346,79,0,44
BRDA:346,79,1,40
BRDA:346,79,2,8
BRDA:346,79,3,8
BRDA:346,79,4,8
BRDA:347,80,0,3
BRDA:347,80,1,2
BRDA:347,81,0,5
BRDA:347,81,1,3
BRDA:355,82,0,3
BRDA:355,82,1,2
BRDA:357,83,0,2
BRDA:357,83,1,1
BRDA:357,84,0,3
BRDA:357,84,1,2
BRDA:358,85,0,2
BRDA:358,85,1,1
BRDA:367,86,0,2
BRDA:367,86,1,0
BRDA:367,87,0,2
BRDA:367,87,1,2
BRDA:372,88,0,2
BRDA:372,88,1,0
BRDA:373,89,0,0
BRDA:373,89,1,2
BRDA:375,90,0,2
BRDA:375,90,1,1
BRDA:377,91,0,1
BRDA:377,91,1,1
BRDA:377,92,0,2
BRDA:377,92,1,1
BRDA:378,93,0,1
BRDA:378,93,1,1
BRDA:389,94,0,26
BRDA:389,94,1,13
BRDA:401,95,0,38
BRDA:401,95,1,41
BRDA:404,96,0,8
BRDA:404,96,1,33
BRDA:404,97,0,41
BRDA:404,97,1,32
BRDA:404,97,2,32
BRDA:404,97,3,22
BRDA:404,97,4,14
BRDA:409,98,0,4
BRDA:409,98,1,4
BRDA:410,99,0,4
BRDA:410,99,1,4
BRDA:411,100,0,4
BRDA:411,100,1,4
BRDA:411,101,0,2
BRDA:411,101,1,2
BRDA:411,102,0,2
BRDA:411,102,1,2
BRDA:412,103,0,4
BRDA:412,103,1,4
BRDA:413,104,0,4
BRDA:413,104,1,4
BRDA:413,105,0,4
BRDA:413,105,1,4
BRDA:422,106,0,20
BRDA:422,106,1,13
BRDA:434,107,0,38
BRDA:434,107,1,30
BRDA:437,108,0,4
BRDA:437,108,1,26
BRDA:437,109,0,30
BRDA:437,109,1,21
BRDA:437,109,2,21
BRDA:437,109,3,10
BRDA:437,109,4,5
BRDA:437,109,5,5
BRDA:443,110,0,3
BRDA:443,110,1,1
BRDA:444,111,0,1
BRDA:444,111,1,3
BRDA:445,112,0,1
BRDA:445,112,1,3
BRDA:445,113,0,3
BRDA:445,113,1,1
BRDA:454,114,0,15
BRDA:454,114,1,11
BRDA:466,115,0,38
BRDA:466,115,1,26
BRDA:469,116,0,2
BRDA:469,116,1,24
BRDA:469,117,0,26
BRDA:469,117,1,16
BRDA:469,117,2,16
BRDA:469,117,3,10
BRDA:469,117,4,5
BRDA:470,118,0,1
BRDA:470,118,1,1
BRDA:476,119,0,1
BRDA:476,119,1,0
BRDA:478,120,0,1
BRDA:478,120,1,0
BRDA:478,121,0,1
BRDA:478,121,1,0
BRDA:493,122,0,0
BRDA:493,122,1,1
BRDA:495,123,0,0
BRDA:495,123,1,1
BRDA:495,124,0,0
BRDA:495,124,1,1
BRDA:505,125,0,14
BRDA:505,125,1,10
BRDA:517,126,0,38
BRDA:517,126,1,21
BRDA:520,127,0,4
BRDA:520,127,1,17
BRDA:520,128,0,21
BRDA:520,128,1,9
BRDA:520,128,2,9
BRDA:520,128,3,4
BRDA:522,129,0,3
BRDA:522,129,1,1
BRDA:526,130,0,3
BRDA:526,130,1,1
BRDA:526,131,0,3
BRDA:526,131,1,0
BRDA:526,132,0,1
BRDA:526,132,1,0
BRDA:528,133,0,3
BRDA:528,133,1,1
BRDA:528,134,0,1
BRDA:528,134,1,3
BRDA:537,135,0,9
BRDA:537,135,1,8
BRDA:549,136,0,38
BRDA:549,136,1,48
BRDA:552,137,0,10
BRDA:552,137,1,38
BRDA:554,138,0,7
BRDA:554,138,1,3
BRDA:555,139,0,8
BRDA:555,139,1,2
BRDA:555,140,0,6
BRDA:555,140,1,2
BRDA:555,141,0,1
BRDA:555,141,1,1
BRDA:560,142,0,8
BRDA:560,142,1,2
BRDA:573,143,0,2
BRDA:573,143,1,1
BRDA:574,144,0,1
BRDA:574,144,1,1
BRDA:574,145,0,2
BRDA:574,145,1,1
BRDA:577,146,0,1
BRDA:577,146,1,0
BRDA:577,147,0,1
BRDA:577,147,1,1
BRDA:588,148,0,2
BRDA:588,148,1,2
BRDA:588,149,0,4
BRDA:588,149,1,2
BRDA:589,150,0,1
BRDA:589,150,1,1
BRDA:600,151,0,6
BRDA:600,151,1,4
BRDA:601,152,0,5
BRDA:601,152,1,1
BRDA:602,153,0,2
BRDA:602,153,1,3
BRDA:603,154,0,1
BRDA:603,154,1,1
BRDA:603,155,0,2
BRDA:603,155,1,2
BRDA:606,156,0,1
BRDA:606,156,1,0
BRDA:609,157,0,0
BRDA:609,157,1,0
BRDA:614,158,0,2
BRDA:614,158,1,1
BRDA:614,159,0,3
BRDA:614,159,1,3
BRDA:617,160,0,0
BRDA:617,160,1,1
BRDA:620,161,0,1
BRDA:620,161,1,0
BRDA:629,162,0,4
BRDA:629,162,1,0
BRDA:630,163,0,2
BRDA:630,163,1,2
BRDA:630,164,0,4
BRDA:630,164,1,4
BRDA:633,165,0,1
BRDA:633,165,1,1
BRDA:636,166,0,0
BRDA:636,166,1,1
BRF:356
BRH:279
end_of_record
TN:
SF:C:\Users\jawpa\Desktop\res\doc\code\OutsmartOptions\src\jsLib\treasuryLibrary.js
FN:5,getInt
FN:16,getClose
FN:24,getDays
FN:25,(anonymous_3)
FN:28,getRightYield
FNF:5
FNH:5
FNDA:53,getInt
FNDA:5,getClose
FNDA:5,getDays
FNDA:50,(anonymous_3)
FNDA:4,getRightYield
DA:6,53
DA:7,21
DA:9,32
DA:10,31
DA:13,1
DA:17,5
DA:18,5
DA:19,5
DA:21,5
DA:25,50
DA:29,4
DA:30,0
DA:33,4
DA:36,4
DA:37,2
DA:39,2
DA:40,2
DA:41,2
DA:44,0
LF:19
LH:17
BRDA:6,0,0,21
BRDA:6,0,1,32
BRDA:9,1,0,31
BRDA:9,1,1,1
BRDA:18,2,0,5
BRDA:18,2,1,0
BRDA:25,3,0,50
BRDA:25,3,1,0
BRDA:29,4,0,0
BRDA:29,4,1,4
BRDA:29,5,0,4
BRDA:29,5,1,4
BRDA:29,5,2,4
BRDA:36,6,0,2
BRDA:36,6,1,2
BRDA:40,7,0,2
BRDA:40,7,1,0
BRDA:40,8,0,2
BRDA:40,8,1,2
BRF:19
BRH:15
end_of_record
